[0.022s] Invoking command in '/home/vboxuser/Shared/ros2_ws/build/interface_tutorial': CMAKE_PREFIX_PATH=${CMAKE_PREFIX_PATH}:/home/vboxuser/Shared/ros2_ws/install/ros_object_detection:/opt/ros/humble /usr/bin/cmake /home/vboxuser/Shared/ros2_ws/src/interface_tutorial -DAMENT_CMAKE_SYMLINK_INSTALL=1 -DCMAKE_INSTALL_PREFIX=/home/vboxuser/Shared/ros2_ws/install/interface_tutorial
[0.398s] -- The C compiler identification is GNU 11.4.0
[0.398s] -- The CXX compiler identification is GNU 11.4.0
[0.398s] -- Detecting C compiler ABI info
[0.399s] -- Detecting C compiler ABI info - done
[0.399s] -- Check for working C compiler: /usr/bin/cc - skipped
[0.399s] -- Detecting C compile features
[0.399s] -- Detecting C compile features - done
[0.399s] -- Detecting CXX compiler ABI info
[0.399s] -- Detecting CXX compiler ABI info - done
[0.399s] -- Check for working CXX compiler: /usr/bin/c++ - skipped
[0.399s] -- Detecting CXX compile features
[0.399s] -- Detecting CXX compile features - done
[0.399s] -- Found ament_cmake: 1.3.8 (/opt/ros/humble/share/ament_cmake/cmake)
[0.572s] -- Found Python3: /usr/bin/python3 (found version "3.10.12") found components: Interpreter 
[0.648s] -- Override CMake install command with custom implementation using symlinks instead of copying resources
[0.670s] -- Found rosidl_default_generators: 1.2.0 (/opt/ros/humble/share/rosidl_default_generators/cmake)
[0.674s] -- Using all available rosidl_typesupport_c: rosidl_typesupport_fastrtps_c;rosidl_typesupport_introspection_c
[0.681s] -- Found rosidl_adapter: 3.1.5 (/opt/ros/humble/share/rosidl_adapter/cmake)
[0.724s] -- Using all available rosidl_typesupport_cpp: rosidl_typesupport_fastrtps_cpp;rosidl_typesupport_introspection_cpp
[1.074s] -- Found ament_cmake_ros: 0.10.0 (/opt/ros/humble/share/ament_cmake_ros/cmake)
[1.287s] -- Using all available rosidl_typesupport_c: rosidl_typesupport_fastrtps_c;rosidl_typesupport_introspection_c
[1.564s] -- Using all available rosidl_typesupport_cpp: rosidl_typesupport_fastrtps_cpp;rosidl_typesupport_introspection_cpp
[1.598s] -- Found PythonInterp: /usr/bin/python3 (found suitable version "3.10.12", minimum required is "3.6") 
[1.599s] -- Found python_cmake_module: 0.10.0 (/opt/ros/humble/share/python_cmake_module/cmake)
[1.632s] -- Found PythonLibs: /usr/lib/x86_64-linux-gnu/libpython3.10.so (found suitable version "3.10.12", minimum required is "3.5") 
[1.633s] -- Using PYTHON_EXECUTABLE: /usr/bin/python3
[1.633s] -- Using PYTHON_INCLUDE_DIRS: /usr/include/python3.10
[1.633s] -- Using PYTHON_LIBRARIES: /usr/lib/x86_64-linux-gnu/libpython3.10.so
[1.662s] -- Found PythonExtra: .so  
[1.699s] -- Found ament_lint_auto: 0.12.10 (/opt/ros/humble/share/ament_lint_auto/cmake)
[1.722s] -- Added test 'copyright' to check source files copyright and LICENSE
[1.724s] -- Added test 'lint_cmake' to check CMake code style
[1.725s] -- Added test 'xmllint' to check XML markup files
[1.730s] -- Configuring done
[1.765s] -- Generating done
[1.767s] -- Build files have been written to: /home/vboxuser/Shared/ros2_ws/build/interface_tutorial
[1.784s] Invoked command in '/home/vboxuser/Shared/ros2_ws/build/interface_tutorial' returned '0': CMAKE_PREFIX_PATH=${CMAKE_PREFIX_PATH}:/home/vboxuser/Shared/ros2_ws/install/ros_object_detection:/opt/ros/humble /usr/bin/cmake /home/vboxuser/Shared/ros2_ws/src/interface_tutorial -DAMENT_CMAKE_SYMLINK_INSTALL=1 -DCMAKE_INSTALL_PREFIX=/home/vboxuser/Shared/ros2_ws/install/interface_tutorial
[1.784s] Invoking command in '/home/vboxuser/Shared/ros2_ws/build/interface_tutorial': CMAKE_PREFIX_PATH=${CMAKE_PREFIX_PATH}:/home/vboxuser/Shared/ros2_ws/install/ros_object_detection:/opt/ros/humble /usr/bin/cmake --build /home/vboxuser/Shared/ros2_ws/build/interface_tutorial -- -j4 -l4
[1.852s] [  3%] [34m[1mGenerating C code for ROS interfaces[0m
[1.891s] [  6%] [34m[1mGenerating C++ code for ROS interfaces[0m
[1.933s] [  6%] Built target ament_cmake_python_symlink_interface_tutorial
[2.386s] running egg_info
[2.387s] creating interface_tutorial.egg-info
[2.387s] writing interface_tutorial.egg-info/PKG-INFO
[2.387s] writing dependency_links to interface_tutorial.egg-info/dependency_links.txt
[2.388s] writing top-level names to interface_tutorial.egg-info/top_level.txt
[2.388s] writing manifest file 'interface_tutorial.egg-info/SOURCES.txt'
[2.393s] reading manifest file 'interface_tutorial.egg-info/SOURCES.txt'
[2.394s] writing manifest file 'interface_tutorial.egg-info/SOURCES.txt'
[2.463s] [  6%] Built target ament_cmake_python_build_interface_tutorial_egg
[2.479s] [  6%] Built target interface_tutorial__cpp
[2.493s] [  9%] [34m[1mGenerating C++ type support dispatch for ROS interfaces[0m
[2.506s] [ 12%] [34m[1mGenerating C++ type support for eProsima Fast-RTPS[0m
[2.513s] [ 16%] [34m[1mGenerating C++ introspection for ROS interfaces[0m
[2.738s] [ 19%] [32mBuilding C object CMakeFiles/interface_tutorial__rosidl_generator_c.dir/rosidl_generator_c/interface_tutorial/msg/detail/num__functions.c.o[0m
[2.877s] [ 22%] [32m[1mLinking C shared library libinterface_tutorial__rosidl_generator_c.so[0m
[2.986s] [ 22%] Built target interface_tutorial__rosidl_generator_c
[3.035s] [ 25%] [34m[1mGenerating C type support for eProsima Fast-RTPS[0m
[3.129s] [ 29%] [32mBuilding CXX object CMakeFiles/interface_tutorial__rosidl_typesupport_introspection_cpp.dir/rosidl_typesupport_introspection_cpp/interface_tutorial/msg/detail/num__type_support.cpp.o[0m
[3.135s] [ 32%] [32mBuilding CXX object CMakeFiles/interface_tutorial__rosidl_typesupport_fastrtps_cpp.dir/rosidl_typesupport_fastrtps_cpp/interface_tutorial/msg/detail/dds_fastrtps/num__type_support.cpp.o[0m
[3.144s] [ 35%] [32mBuilding CXX object CMakeFiles/interface_tutorial__rosidl_typesupport_cpp.dir/rosidl_typesupport_cpp/interface_tutorial/msg/num__type_support.cpp.o[0m
[4.004s] [ 38%] [32m[1mLinking CXX shared library libinterface_tutorial__rosidl_typesupport_cpp.so[0m
[4.013s] [ 41%] [32mBuilding CXX object CMakeFiles/interface_tutorial__rosidl_typesupport_fastrtps_c.dir/rosidl_typesupport_fastrtps_c/interface_tutorial/msg/detail/num__type_support_c.cpp.o[0m
[4.216s] [ 45%] [32m[1mLinking CXX shared library libinterface_tutorial__rosidl_typesupport_introspection_cpp.so[0m
[4.283s] [ 45%] Built target interface_tutorial__rosidl_typesupport_cpp
[4.320s] [ 48%] [32m[1mLinking CXX shared library libinterface_tutorial__rosidl_typesupport_fastrtps_cpp.so[0m
[4.322s] [ 51%] [34m[1mGenerating C introspection for ROS interfaces[0m
[4.459s] [ 51%] Built target interface_tutorial__rosidl_typesupport_introspection_cpp
[4.555s] [ 54%] [34m[1mGenerating C type support dispatch for ROS interfaces[0m
[4.899s] [ 54%] Built target interface_tutorial__rosidl_typesupport_fastrtps_cpp
[5.054s] [ 58%] [32m[1mLinking CXX shared library libinterface_tutorial__rosidl_typesupport_fastrtps_c.so[0m
[5.302s] [ 61%] [32mBuilding CXX object CMakeFiles/interface_tutorial__rosidl_typesupport_c.dir/rosidl_typesupport_c/interface_tutorial/msg/num__type_support.cpp.o[0m
[5.351s] [ 64%] [32mBuilding C object CMakeFiles/interface_tutorial__rosidl_typesupport_introspection_c.dir/rosidl_typesupport_introspection_c/interface_tutorial/msg/detail/num__type_support.c.o[0m
[5.443s] [ 67%] [32m[1mLinking CXX shared library libinterface_tutorial__rosidl_typesupport_c.so[0m
[5.507s] [ 67%] Built target interface_tutorial__rosidl_typesupport_fastrtps_c
[5.522s] [ 70%] [32m[1mLinking C shared library libinterface_tutorial__rosidl_typesupport_introspection_c.so[0m
[5.643s] [ 70%] Built target interface_tutorial__rosidl_typesupport_c
[5.698s] [ 70%] Built target interface_tutorial__rosidl_typesupport_introspection_c
[5.846s] [ 70%] Built target interface_tutorial
[6.056s] [ 74%] [34m[1mGenerating Python code for ROS interfaces[0m
[6.650s] [ 74%] Built target interface_tutorial__py
[6.804s] [ 77%] [32mBuilding C object CMakeFiles/interface_tutorial__rosidl_generator_py.dir/rosidl_generator_py/interface_tutorial/msg/_num_s.c.o[0m
[7.109s] [ 80%] [32m[1mLinking C shared library rosidl_generator_py/interface_tutorial/libinterface_tutorial__rosidl_generator_py.so[0m
[7.276s] [ 80%] Built target interface_tutorial__rosidl_generator_py
[7.336s] [ 83%] [32mBuilding C object CMakeFiles/interface_tutorial__rosidl_typesupport_fastrtps_c__pyext.dir/rosidl_generator_py/interface_tutorial/_interface_tutorial_s.ep.rosidl_typesupport_fastrtps_c.c.o[0m
[7.348s] [ 87%] [32mBuilding C object CMakeFiles/interface_tutorial__rosidl_typesupport_c__pyext.dir/rosidl_generator_py/interface_tutorial/_interface_tutorial_s.ep.rosidl_typesupport_c.c.o[0m
[7.354s] [ 90%] [32mBuilding C object CMakeFiles/interface_tutorial__rosidl_typesupport_introspection_c__pyext.dir/rosidl_generator_py/interface_tutorial/_interface_tutorial_s.ep.rosidl_typesupport_introspection_c.c.o[0m
[7.450s] [ 93%] [32m[1mLinking C shared library rosidl_generator_py/interface_tutorial/interface_tutorial_s__rosidl_typesupport_fastrtps_c.cpython-310-x86_64-linux-gnu.so[0m
[7.578s] [ 96%] [32m[1mLinking C shared library rosidl_generator_py/interface_tutorial/interface_tutorial_s__rosidl_typesupport_introspection_c.cpython-310-x86_64-linux-gnu.so[0m
[7.633s] [ 96%] Built target interface_tutorial__rosidl_typesupport_fastrtps_c__pyext
[7.639s] [100%] [32m[1mLinking C shared library rosidl_generator_py/interface_tutorial/interface_tutorial_s__rosidl_typesupport_c.cpython-310-x86_64-linux-gnu.so[0m
[7.678s] [100%] Built target interface_tutorial__rosidl_typesupport_introspection_c__pyext
[7.827s] [100%] Built target interface_tutorial__rosidl_typesupport_c__pyext
[7.877s] Invoked command in '/home/vboxuser/Shared/ros2_ws/build/interface_tutorial' returned '0': CMAKE_PREFIX_PATH=${CMAKE_PREFIX_PATH}:/home/vboxuser/Shared/ros2_ws/install/ros_object_detection:/opt/ros/humble /usr/bin/cmake --build /home/vboxuser/Shared/ros2_ws/build/interface_tutorial -- -j4 -l4
[9.700s] Invoking command in '/home/vboxuser/Shared/ros2_ws/build/interface_tutorial': CMAKE_PREFIX_PATH=${CMAKE_PREFIX_PATH}:/home/vboxuser/Shared/ros2_ws/install/ros_object_detection:/opt/ros/humble /usr/bin/cmake --install /home/vboxuser/Shared/ros2_ws/build/interface_tutorial
[9.717s] -- Install configuration: ""
[9.717s] -- Execute custom install script
[9.717s] -- Symlinking: /home/vboxuser/Shared/ros2_ws/install/interface_tutorial/share/ament_index/resource_index/rosidl_interfaces/interface_tutorial
[9.728s] -- Symlinking: /home/vboxuser/Shared/ros2_ws/install/interface_tutorial/include/interface_tutorial/interface_tutorial/msg/detail/num__functions.h
[9.760s] -- Symlinking: /home/vboxuser/Shared/ros2_ws/install/interface_tutorial/include/interface_tutorial/interface_tutorial/msg/detail/num__struct.h
[9.777s] -- Symlinking: /home/vboxuser/Shared/ros2_ws/install/interface_tutorial/include/interface_tutorial/interface_tutorial/msg/detail/num__type_support.h
[9.797s] -- Symlinking: /home/vboxuser/Shared/ros2_ws/install/interface_tutorial/include/interface_tutorial/interface_tutorial/msg/num.h
[9.815s] -- Symlinking: /home/vboxuser/Shared/ros2_ws/install/interface_tutorial/include/interface_tutorial/interface_tutorial/msg/rosidl_generator_c__visibility_control.h
[9.829s] -- Symlinking: /home/vboxuser/Shared/ros2_ws/install/interface_tutorial/share/interface_tutorial/environment/library_path.sh
[9.863s] -- Symlinking: /home/vboxuser/Shared/ros2_ws/install/interface_tutorial/share/interface_tutorial/environment/library_path.dsv
[9.892s] -- Symlinking: /home/vboxuser/Shared/ros2_ws/install/interface_tutorial/include/interface_tutorial/interface_tutorial/msg/detail/num__rosidl_typesupport_fastrtps_c.h
[9.914s] -- Symlinking: /home/vboxuser/Shared/ros2_ws/install/interface_tutorial/include/interface_tutorial/interface_tutorial/msg/rosidl_typesupport_fastrtps_c__visibility_control.h
[9.947s] -- Symlinking: /home/vboxuser/Shared/ros2_ws/install/interface_tutorial/include/interface_tutorial/interface_tutorial/msg/detail/num__rosidl_typesupport_introspection_c.h
[9.996s] -- Symlinking: /home/vboxuser/Shared/ros2_ws/install/interface_tutorial/include/interface_tutorial/interface_tutorial/msg/rosidl_typesupport_introspection_c__visibility_control.h
[10.011s] -- Symlinking: /home/vboxuser/Shared/ros2_ws/install/interface_tutorial/include/interface_tutorial/interface_tutorial/msg/detail/num__builder.hpp
[10.061s] -- Symlinking: /home/vboxuser/Shared/ros2_ws/install/interface_tutorial/include/interface_tutorial/interface_tutorial/msg/detail/num__struct.hpp
[10.100s] -- Symlinking: /home/vboxuser/Shared/ros2_ws/install/interface_tutorial/include/interface_tutorial/interface_tutorial/msg/detail/num__traits.hpp
[10.121s] -- Symlinking: /home/vboxuser/Shared/ros2_ws/install/interface_tutorial/include/interface_tutorial/interface_tutorial/msg/num.hpp
[10.158s] -- Symlinking: /home/vboxuser/Shared/ros2_ws/install/interface_tutorial/include/interface_tutorial/interface_tutorial/msg/detail/num__rosidl_typesupport_fastrtps_cpp.hpp
[10.199s] -- Symlinking: /home/vboxuser/Shared/ros2_ws/install/interface_tutorial/include/interface_tutorial/interface_tutorial/msg/rosidl_typesupport_fastrtps_cpp__visibility_control.h
[10.224s] -- Symlinking: /home/vboxuser/Shared/ros2_ws/install/interface_tutorial/include/interface_tutorial/interface_tutorial/msg/detail/num__rosidl_typesupport_introspection_cpp.hpp
[10.272s] -- Symlinking: /home/vboxuser/Shared/ros2_ws/install/interface_tutorial/share/interface_tutorial/environment/pythonpath.sh
[10.301s] -- Symlinking: /home/vboxuser/Shared/ros2_ws/install/interface_tutorial/share/interface_tutorial/environment/pythonpath.dsv
[10.337s] -- Symlinking: /home/vboxuser/Shared/ros2_ws/install/interface_tutorial/local/lib/python3.10/dist-packages/interface_tutorial-0.0.0-py3.10.egg-info/PKG-INFO
[10.378s] -- Symlinking: /home/vboxuser/Shared/ros2_ws/install/interface_tutorial/local/lib/python3.10/dist-packages/interface_tutorial-0.0.0-py3.10.egg-info/SOURCES.txt
[10.388s] -- Symlinking: /home/vboxuser/Shared/ros2_ws/install/interface_tutorial/local/lib/python3.10/dist-packages/interface_tutorial-0.0.0-py3.10.egg-info/dependency_links.txt
[10.405s] -- Symlinking: /home/vboxuser/Shared/ros2_ws/install/interface_tutorial/local/lib/python3.10/dist-packages/interface_tutorial-0.0.0-py3.10.egg-info/top_level.txt
[10.455s] -- Symlinking: /home/vboxuser/Shared/ros2_ws/install/interface_tutorial/local/lib/python3.10/dist-packages/interface_tutorial/__init__.py
[10.492s] -- Symlinking: /home/vboxuser/Shared/ros2_ws/install/interface_tutorial/local/lib/python3.10/dist-packages/interface_tutorial/_interface_tutorial_s.ep.rosidl_typesupport_c.c
[10.566s] -- Symlinking: /home/vboxuser/Shared/ros2_ws/install/interface_tutorial/local/lib/python3.10/dist-packages/interface_tutorial/_interface_tutorial_s.ep.rosidl_typesupport_fastrtps_c.c
[10.579s] -- Symlinking: /home/vboxuser/Shared/ros2_ws/install/interface_tutorial/local/lib/python3.10/dist-packages/interface_tutorial/_interface_tutorial_s.ep.rosidl_typesupport_introspection_c.c
[10.594s] -- Symlinking: /home/vboxuser/Shared/ros2_ws/install/interface_tutorial/local/lib/python3.10/dist-packages/interface_tutorial/interface_tutorial_s__rosidl_typesupport_c.cpython-310-x86_64-linux-gnu.so
[10.616s] -- Symlinking: /home/vboxuser/Shared/ros2_ws/install/interface_tutorial/local/lib/python3.10/dist-packages/interface_tutorial/interface_tutorial_s__rosidl_typesupport_fastrtps_c.cpython-310-x86_64-linux-gnu.so
[10.643s] -- Symlinking: /home/vboxuser/Shared/ros2_ws/install/interface_tutorial/local/lib/python3.10/dist-packages/interface_tutorial/interface_tutorial_s__rosidl_typesupport_introspection_c.cpython-310-x86_64-linux-gnu.so
[10.683s] -- Symlinking: /home/vboxuser/Shared/ros2_ws/install/interface_tutorial/local/lib/python3.10/dist-packages/interface_tutorial/libinterface_tutorial__rosidl_generator_py.so
[10.709s] -- Symlinking: /home/vboxuser/Shared/ros2_ws/install/interface_tutorial/local/lib/python3.10/dist-packages/interface_tutorial/msg/__init__.py
[10.736s] -- Symlinking: /home/vboxuser/Shared/ros2_ws/install/interface_tutorial/local/lib/python3.10/dist-packages/interface_tutorial/msg/_num.py
[10.759s] -- Symlinking: /home/vboxuser/Shared/ros2_ws/install/interface_tutorial/local/lib/python3.10/dist-packages/interface_tutorial/msg/_num_s.c
[10.769s] -- Up-to-date symlink: /home/vboxuser/Shared/ros2_ws/install/interface_tutorial/local/lib/python3.10/dist-packages/interface_tutorial/interface_tutorial_s__rosidl_typesupport_fastrtps_c.cpython-310-x86_64-linux-gnu.so
[10.770s] -- Up-to-date symlink: /home/vboxuser/Shared/ros2_ws/install/interface_tutorial/local/lib/python3.10/dist-packages/interface_tutorial/interface_tutorial_s__rosidl_typesupport_introspection_c.cpython-310-x86_64-linux-gnu.so
[10.770s] -- Up-to-date symlink: /home/vboxuser/Shared/ros2_ws/install/interface_tutorial/local/lib/python3.10/dist-packages/interface_tutorial/interface_tutorial_s__rosidl_typesupport_c.cpython-310-x86_64-linux-gnu.so
[10.771s] -- Symlinking: /home/vboxuser/Shared/ros2_ws/install/interface_tutorial/share/interface_tutorial/msg/Num.idl
[10.796s] -- Symlinking: /home/vboxuser/Shared/ros2_ws/install/interface_tutorial/share/interface_tutorial/msg/Num.msg
[10.812s] -- Symlinking: /home/vboxuser/Shared/ros2_ws/install/interface_tutorial/share/ament_index/resource_index/package_run_dependencies/interface_tutorial
[10.822s] -- Symlinking: /home/vboxuser/Shared/ros2_ws/install/interface_tutorial/share/ament_index/resource_index/parent_prefix_path/interface_tutorial
[10.835s] -- Symlinking: /home/vboxuser/Shared/ros2_ws/install/interface_tutorial/share/interface_tutorial/environment/ament_prefix_path.sh
[10.846s] -- Symlinking: /home/vboxuser/Shared/ros2_ws/install/interface_tutorial/share/interface_tutorial/environment/ament_prefix_path.dsv
[10.857s] -- Symlinking: /home/vboxuser/Shared/ros2_ws/install/interface_tutorial/share/interface_tutorial/environment/path.sh
[10.867s] -- Symlinking: /home/vboxuser/Shared/ros2_ws/install/interface_tutorial/share/interface_tutorial/environment/path.dsv
[10.878s] -- Symlinking: /home/vboxuser/Shared/ros2_ws/install/interface_tutorial/share/interface_tutorial/local_setup.bash
[10.890s] -- Symlinking: /home/vboxuser/Shared/ros2_ws/install/interface_tutorial/share/interface_tutorial/local_setup.sh
[10.905s] -- Symlinking: /home/vboxuser/Shared/ros2_ws/install/interface_tutorial/share/interface_tutorial/local_setup.zsh
[10.918s] -- Symlinking: /home/vboxuser/Shared/ros2_ws/install/interface_tutorial/share/interface_tutorial/local_setup.dsv
[10.930s] -- Symlinking: /home/vboxuser/Shared/ros2_ws/install/interface_tutorial/share/interface_tutorial/package.dsv
[10.944s] -- Symlinking: /home/vboxuser/Shared/ros2_ws/install/interface_tutorial/share/ament_index/resource_index/packages/interface_tutorial
[10.956s] -- Symlinking: /home/vboxuser/Shared/ros2_ws/install/interface_tutorial/share/interface_tutorial/cmake/rosidl_cmake-extras.cmake
[10.968s] -- Symlinking: /home/vboxuser/Shared/ros2_ws/install/interface_tutorial/share/interface_tutorial/cmake/ament_cmake_export_include_directories-extras.cmake
[10.980s] -- Symlinking: /home/vboxuser/Shared/ros2_ws/install/interface_tutorial/share/interface_tutorial/cmake/ament_cmake_export_libraries-extras.cmake
[10.994s] -- Symlinking: /home/vboxuser/Shared/ros2_ws/install/interface_tutorial/share/interface_tutorial/cmake/ament_cmake_export_targets-extras.cmake
[11.008s] -- Symlinking: /home/vboxuser/Shared/ros2_ws/install/interface_tutorial/share/interface_tutorial/cmake/rosidl_cmake_export_typesupport_targets-extras.cmake
[11.020s] -- Symlinking: /home/vboxuser/Shared/ros2_ws/install/interface_tutorial/share/interface_tutorial/cmake/ament_cmake_export_dependencies-extras.cmake
[11.032s] -- Symlinking: /home/vboxuser/Shared/ros2_ws/install/interface_tutorial/share/interface_tutorial/cmake/rosidl_cmake_export_typesupport_libraries-extras.cmake
[11.044s] -- Symlinking: /home/vboxuser/Shared/ros2_ws/install/interface_tutorial/share/interface_tutorial/cmake/interface_tutorialConfig.cmake
[11.057s] -- Symlinking: /home/vboxuser/Shared/ros2_ws/install/interface_tutorial/share/interface_tutorial/cmake/interface_tutorialConfig-version.cmake
[11.070s] -- Symlinking: /home/vboxuser/Shared/ros2_ws/install/interface_tutorial/share/interface_tutorial/package.xml
[11.083s] -- Installing: /home/vboxuser/Shared/ros2_ws/install/interface_tutorial/lib/libinterface_tutorial__rosidl_generator_c.so
[11.084s] -- Set runtime path of "/home/vboxuser/Shared/ros2_ws/install/interface_tutorial/lib/libinterface_tutorial__rosidl_generator_c.so" to ""
[11.084s] -- Installing: /home/vboxuser/Shared/ros2_ws/install/interface_tutorial/lib/libinterface_tutorial__rosidl_typesupport_fastrtps_c.so
[11.084s] -- Set runtime path of "/home/vboxuser/Shared/ros2_ws/install/interface_tutorial/lib/libinterface_tutorial__rosidl_typesupport_fastrtps_c.so" to ""
[11.084s] -- Installing: /home/vboxuser/Shared/ros2_ws/install/interface_tutorial/lib/libinterface_tutorial__rosidl_typesupport_introspection_c.so
[11.085s] -- Set runtime path of "/home/vboxuser/Shared/ros2_ws/install/interface_tutorial/lib/libinterface_tutorial__rosidl_typesupport_introspection_c.so" to ""
[11.085s] -- Installing: /home/vboxuser/Shared/ros2_ws/install/interface_tutorial/lib/libinterface_tutorial__rosidl_typesupport_c.so
[11.085s] -- Set runtime path of "/home/vboxuser/Shared/ros2_ws/install/interface_tutorial/lib/libinterface_tutorial__rosidl_typesupport_c.so" to ""
[11.085s] -- Installing: /home/vboxuser/Shared/ros2_ws/install/interface_tutorial/lib/libinterface_tutorial__rosidl_typesupport_fastrtps_cpp.so
[11.086s] -- Set runtime path of "/home/vboxuser/Shared/ros2_ws/install/interface_tutorial/lib/libinterface_tutorial__rosidl_typesupport_fastrtps_cpp.so" to ""
[11.086s] -- Installing: /home/vboxuser/Shared/ros2_ws/install/interface_tutorial/lib/libinterface_tutorial__rosidl_typesupport_introspection_cpp.so
[11.086s] -- Set runtime path of "/home/vboxuser/Shared/ros2_ws/install/interface_tutorial/lib/libinterface_tutorial__rosidl_typesupport_introspection_cpp.so" to ""
[11.087s] -- Installing: /home/vboxuser/Shared/ros2_ws/install/interface_tutorial/lib/libinterface_tutorial__rosidl_typesupport_cpp.so
[11.087s] -- Set runtime path of "/home/vboxuser/Shared/ros2_ws/install/interface_tutorial/lib/libinterface_tutorial__rosidl_typesupport_cpp.so" to ""
[11.137s] Listing '/home/vboxuser/Shared/ros2_ws/install/interface_tutorial/local/lib/python3.10/dist-packages/interface_tutorial'...
[11.138s] Compiling '/home/vboxuser/Shared/ros2_ws/install/interface_tutorial/local/lib/python3.10/dist-packages/interface_tutorial/__init__.py'...
[11.138s] Listing '/home/vboxuser/Shared/ros2_ws/install/interface_tutorial/local/lib/python3.10/dist-packages/interface_tutorial/msg'...
[11.138s] Compiling '/home/vboxuser/Shared/ros2_ws/install/interface_tutorial/local/lib/python3.10/dist-packages/interface_tutorial/msg/__init__.py'...
[11.138s] Compiling '/home/vboxuser/Shared/ros2_ws/install/interface_tutorial/local/lib/python3.10/dist-packages/interface_tutorial/msg/_num.py'...
[11.147s] -- Installing: /home/vboxuser/Shared/ros2_ws/install/interface_tutorial/lib/libinterface_tutorial__rosidl_generator_py.so
[11.148s] -- Set runtime path of "/home/vboxuser/Shared/ros2_ws/install/interface_tutorial/lib/libinterface_tutorial__rosidl_generator_py.so" to ""
[11.148s] -- Installing: /home/vboxuser/Shared/ros2_ws/install/interface_tutorial/share/interface_tutorial/cmake/export_interface_tutorial__rosidl_generator_cExport.cmake
[11.149s] -- Installing: /home/vboxuser/Shared/ros2_ws/install/interface_tutorial/share/interface_tutorial/cmake/export_interface_tutorial__rosidl_generator_cExport-noconfig.cmake
[11.149s] -- Installing: /home/vboxuser/Shared/ros2_ws/install/interface_tutorial/share/interface_tutorial/cmake/export_interface_tutorial__rosidl_typesupport_fastrtps_cExport.cmake
[11.149s] -- Installing: /home/vboxuser/Shared/ros2_ws/install/interface_tutorial/share/interface_tutorial/cmake/export_interface_tutorial__rosidl_typesupport_fastrtps_cExport-noconfig.cmake
[11.150s] -- Installing: /home/vboxuser/Shared/ros2_ws/install/interface_tutorial/share/interface_tutorial/cmake/interface_tutorial__rosidl_typesupport_introspection_cExport.cmake
[11.150s] -- Installing: /home/vboxuser/Shared/ros2_ws/install/interface_tutorial/share/interface_tutorial/cmake/interface_tutorial__rosidl_typesupport_introspection_cExport-noconfig.cmake
[11.150s] -- Installing: /home/vboxuser/Shared/ros2_ws/install/interface_tutorial/share/interface_tutorial/cmake/interface_tutorial__rosidl_typesupport_cExport.cmake
[11.151s] -- Installing: /home/vboxuser/Shared/ros2_ws/install/interface_tutorial/share/interface_tutorial/cmake/interface_tutorial__rosidl_typesupport_cExport-noconfig.cmake
[11.151s] -- Installing: /home/vboxuser/Shared/ros2_ws/install/interface_tutorial/share/interface_tutorial/cmake/export_interface_tutorial__rosidl_generator_cppExport.cmake
[11.151s] -- Installing: /home/vboxuser/Shared/ros2_ws/install/interface_tutorial/share/interface_tutorial/cmake/export_interface_tutorial__rosidl_typesupport_fastrtps_cppExport.cmake
[11.152s] -- Installing: /home/vboxuser/Shared/ros2_ws/install/interface_tutorial/share/interface_tutorial/cmake/export_interface_tutorial__rosidl_typesupport_fastrtps_cppExport-noconfig.cmake
[11.152s] -- Installing: /home/vboxuser/Shared/ros2_ws/install/interface_tutorial/share/interface_tutorial/cmake/interface_tutorial__rosidl_typesupport_introspection_cppExport.cmake
[11.152s] -- Installing: /home/vboxuser/Shared/ros2_ws/install/interface_tutorial/share/interface_tutorial/cmake/interface_tutorial__rosidl_typesupport_introspection_cppExport-noconfig.cmake
[11.153s] -- Installing: /home/vboxuser/Shared/ros2_ws/install/interface_tutorial/share/interface_tutorial/cmake/interface_tutorial__rosidl_typesupport_cppExport.cmake
[11.153s] -- Installing: /home/vboxuser/Shared/ros2_ws/install/interface_tutorial/share/interface_tutorial/cmake/interface_tutorial__rosidl_typesupport_cppExport-noconfig.cmake
[11.153s] -- Installing: /home/vboxuser/Shared/ros2_ws/install/interface_tutorial/share/interface_tutorial/cmake/export_interface_tutorial__rosidl_generator_pyExport.cmake
[11.153s] -- Installing: /home/vboxuser/Shared/ros2_ws/install/interface_tutorial/share/interface_tutorial/cmake/export_interface_tutorial__rosidl_generator_pyExport-noconfig.cmake
[11.165s] Invoked command in '/home/vboxuser/Shared/ros2_ws/build/interface_tutorial' returned '0': CMAKE_PREFIX_PATH=${CMAKE_PREFIX_PATH}:/home/vboxuser/Shared/ros2_ws/install/ros_object_detection:/opt/ros/humble /usr/bin/cmake --install /home/vboxuser/Shared/ros2_ws/build/interface_tutorial
