[35m[1mConsolidate compiler generated dependencies of target interface_tutorial__rosidl_generator_c[0m
[  3%] Built target interface_tutorial__cpp
[35m[1mConsolidate compiler generated dependencies of target interface_tutorial__rosidl_typesupport_fastrtps_cpp[0m
[ 12%] Built target interface_tutorial__rosidl_generator_c
[ 12%] Built target ament_cmake_python_symlink_interface_tutorial
[35m[1mConsolidate compiler generated dependencies of target interface_tutorial__rosidl_typesupport_cpp[0m
[35m[1mConsolidate compiler generated dependencies of target interface_tutorial__rosidl_typesupport_introspection_cpp[0m
[35m[1mConsolidate compiler generated dependencies of target interface_tutorial__rosidl_typesupport_fastrtps_c[0m
[ 22%] Built target interface_tutorial__rosidl_typesupport_fastrtps_cpp
[ 32%] Built target interface_tutorial__rosidl_typesupport_cpp
[ 41%] Built target interface_tutorial__rosidl_typesupport_fastrtps_c
[ 51%] Built target interface_tutorial__rosidl_typesupport_introspection_cpp
[35m[1mConsolidate compiler generated dependencies of target interface_tutorial__rosidl_typesupport_introspection_c[0m
[35m[1mConsolidate compiler generated dependencies of target interface_tutorial__rosidl_typesupport_c[0m
[ 61%] Built target interface_tutorial__rosidl_typesupport_introspection_c
[ 70%] Built target interface_tutorial__rosidl_typesupport_c
[ 70%] Built target interface_tutorial
[ 74%] Built target interface_tutorial__py
[35m[1mConsolidate compiler generated dependencies of target interface_tutorial__rosidl_generator_py[0m
[ 80%] Built target interface_tutorial__rosidl_generator_py
[35m[1mConsolidate compiler generated dependencies of target interface_tutorial__rosidl_typesupport_fastrtps_c__pyext[0m
[ 87%] Built target interface_tutorial__rosidl_typesupport_fastrtps_c__pyext
[35m[1mConsolidate compiler generated dependencies of target interface_tutorial__rosidl_typesupport_c__pyext[0m
[ 93%] Built target interface_tutorial__rosidl_typesupport_c__pyext
[35m[1mConsolidate compiler generated dependencies of target interface_tutorial__rosidl_typesupport_introspection_c__pyext[0m
[100%] Built target interface_tutorial__rosidl_typesupport_introspection_c__pyext
running egg_info
writing interface_tutorial.egg-info/PKG-INFO
writing dependency_links to interface_tutorial.egg-info/dependency_links.txt
writing top-level names to interface_tutorial.egg-info/top_level.txt
reading manifest file 'interface_tutorial.egg-info/SOURCES.txt'
writing manifest file 'interface_tutorial.egg-info/SOURCES.txt'
[100%] Built target ament_cmake_python_build_interface_tutorial_egg
-- Install configuration: ""
-- Execute custom install script
-- Up-to-date symlink: /home/vboxuser/Shared/ros2_ws/install/interface_tutorial/share/ament_index/resource_index/rosidl_interfaces/interface_tutorial
-- Up-to-date symlink: /home/vboxuser/Shared/ros2_ws/install/interface_tutorial/include/interface_tutorial/interface_tutorial/msg/detail/num__functions.h
-- Up-to-date symlink: /home/vboxuser/Shared/ros2_ws/install/interface_tutorial/include/interface_tutorial/interface_tutorial/msg/detail/num__struct.h
-- Up-to-date symlink: /home/vboxuser/Shared/ros2_ws/install/interface_tutorial/include/interface_tutorial/interface_tutorial/msg/detail/num__type_support.h
-- Up-to-date symlink: /home/vboxuser/Shared/ros2_ws/install/interface_tutorial/include/interface_tutorial/interface_tutorial/msg/num.h
-- Up-to-date symlink: /home/vboxuser/Shared/ros2_ws/install/interface_tutorial/include/interface_tutorial/interface_tutorial/msg/rosidl_generator_c__visibility_control.h
-- Up-to-date symlink: /home/vboxuser/Shared/ros2_ws/install/interface_tutorial/share/interface_tutorial/environment/library_path.sh
-- Up-to-date symlink: /home/vboxuser/Shared/ros2_ws/install/interface_tutorial/share/interface_tutorial/environment/library_path.dsv
-- Up-to-date symlink: /home/vboxuser/Shared/ros2_ws/install/interface_tutorial/include/interface_tutorial/interface_tutorial/msg/detail/num__rosidl_typesupport_fastrtps_c.h
-- Up-to-date symlink: /home/vboxuser/Shared/ros2_ws/install/interface_tutorial/include/interface_tutorial/interface_tutorial/msg/rosidl_typesupport_fastrtps_c__visibility_control.h
-- Up-to-date symlink: /home/vboxuser/Shared/ros2_ws/install/interface_tutorial/include/interface_tutorial/interface_tutorial/msg/detail/num__rosidl_typesupport_introspection_c.h
-- Up-to-date symlink: /home/vboxuser/Shared/ros2_ws/install/interface_tutorial/include/interface_tutorial/interface_tutorial/msg/rosidl_typesupport_introspection_c__visibility_control.h
-- Up-to-date symlink: /home/vboxuser/Shared/ros2_ws/install/interface_tutorial/include/interface_tutorial/interface_tutorial/msg/detail/num__builder.hpp
-- Up-to-date symlink: /home/vboxuser/Shared/ros2_ws/install/interface_tutorial/include/interface_tutorial/interface_tutorial/msg/detail/num__struct.hpp
-- Up-to-date symlink: /home/vboxuser/Shared/ros2_ws/install/interface_tutorial/include/interface_tutorial/interface_tutorial/msg/detail/num__traits.hpp
-- Up-to-date symlink: /home/vboxuser/Shared/ros2_ws/install/interface_tutorial/include/interface_tutorial/interface_tutorial/msg/num.hpp
-- Up-to-date symlink: /home/vboxuser/Shared/ros2_ws/install/interface_tutorial/include/interface_tutorial/interface_tutorial/msg/detail/num__rosidl_typesupport_fastrtps_cpp.hpp
-- Up-to-date symlink: /home/vboxuser/Shared/ros2_ws/install/interface_tutorial/include/interface_tutorial/interface_tutorial/msg/rosidl_typesupport_fastrtps_cpp__visibility_control.h
-- Up-to-date symlink: /home/vboxuser/Shared/ros2_ws/install/interface_tutorial/include/interface_tutorial/interface_tutorial/msg/detail/num__rosidl_typesupport_introspection_cpp.hpp
-- Up-to-date symlink: /home/vboxuser/Shared/ros2_ws/install/interface_tutorial/share/interface_tutorial/environment/pythonpath.sh
-- Up-to-date symlink: /home/vboxuser/Shared/ros2_ws/install/interface_tutorial/share/interface_tutorial/environment/pythonpath.dsv
-- Up-to-date symlink: /home/vboxuser/Shared/ros2_ws/install/interface_tutorial/local/lib/python3.10/dist-packages/interface_tutorial-0.0.0-py3.10.egg-info/PKG-INFO
-- Up-to-date symlink: /home/vboxuser/Shared/ros2_ws/install/interface_tutorial/local/lib/python3.10/dist-packages/interface_tutorial-0.0.0-py3.10.egg-info/SOURCES.txt
-- Up-to-date symlink: /home/vboxuser/Shared/ros2_ws/install/interface_tutorial/local/lib/python3.10/dist-packages/interface_tutorial-0.0.0-py3.10.egg-info/dependency_links.txt
-- Up-to-date symlink: /home/vboxuser/Shared/ros2_ws/install/interface_tutorial/local/lib/python3.10/dist-packages/interface_tutorial-0.0.0-py3.10.egg-info/top_level.txt
-- Up-to-date symlink: /home/vboxuser/Shared/ros2_ws/install/interface_tutorial/local/lib/python3.10/dist-packages/interface_tutorial/__init__.py
-- Up-to-date symlink: /home/vboxuser/Shared/ros2_ws/install/interface_tutorial/local/lib/python3.10/dist-packages/interface_tutorial/_interface_tutorial_s.ep.rosidl_typesupport_c.c
-- Up-to-date symlink: /home/vboxuser/Shared/ros2_ws/install/interface_tutorial/local/lib/python3.10/dist-packages/interface_tutorial/_interface_tutorial_s.ep.rosidl_typesupport_fastrtps_c.c
-- Up-to-date symlink: /home/vboxuser/Shared/ros2_ws/install/interface_tutorial/local/lib/python3.10/dist-packages/interface_tutorial/_interface_tutorial_s.ep.rosidl_typesupport_introspection_c.c
-- Up-to-date symlink: /home/vboxuser/Shared/ros2_ws/install/interface_tutorial/local/lib/python3.10/dist-packages/interface_tutorial/interface_tutorial_s__rosidl_typesupport_c.cpython-310-x86_64-linux-gnu.so
-- Up-to-date symlink: /home/vboxuser/Shared/ros2_ws/install/interface_tutorial/local/lib/python3.10/dist-packages/interface_tutorial/interface_tutorial_s__rosidl_typesupport_fastrtps_c.cpython-310-x86_64-linux-gnu.so
-- Up-to-date symlink: /home/vboxuser/Shared/ros2_ws/install/interface_tutorial/local/lib/python3.10/dist-packages/interface_tutorial/interface_tutorial_s__rosidl_typesupport_introspection_c.cpython-310-x86_64-linux-gnu.so
-- Up-to-date symlink: /home/vboxuser/Shared/ros2_ws/install/interface_tutorial/local/lib/python3.10/dist-packages/interface_tutorial/libinterface_tutorial__rosidl_generator_py.so
-- Up-to-date symlink: /home/vboxuser/Shared/ros2_ws/install/interface_tutorial/local/lib/python3.10/dist-packages/interface_tutorial/msg/__init__.py
-- Up-to-date symlink: /home/vboxuser/Shared/ros2_ws/install/interface_tutorial/local/lib/python3.10/dist-packages/interface_tutorial/msg/_num.py
-- Up-to-date symlink: /home/vboxuser/Shared/ros2_ws/install/interface_tutorial/local/lib/python3.10/dist-packages/interface_tutorial/msg/_num_s.c
-- Up-to-date symlink: /home/vboxuser/Shared/ros2_ws/install/interface_tutorial/local/lib/python3.10/dist-packages/interface_tutorial/interface_tutorial_s__rosidl_typesupport_fastrtps_c.cpython-310-x86_64-linux-gnu.so
-- Up-to-date symlink: /home/vboxuser/Shared/ros2_ws/install/interface_tutorial/local/lib/python3.10/dist-packages/interface_tutorial/interface_tutorial_s__rosidl_typesupport_introspection_c.cpython-310-x86_64-linux-gnu.so
-- Up-to-date symlink: /home/vboxuser/Shared/ros2_ws/install/interface_tutorial/local/lib/python3.10/dist-packages/interface_tutorial/interface_tutorial_s__rosidl_typesupport_c.cpython-310-x86_64-linux-gnu.so
-- Up-to-date symlink: /home/vboxuser/Shared/ros2_ws/install/interface_tutorial/share/interface_tutorial/msg/Num.idl
-- Up-to-date symlink: /home/vboxuser/Shared/ros2_ws/install/interface_tutorial/share/interface_tutorial/msg/Num.msg
-- Up-to-date symlink: /home/vboxuser/Shared/ros2_ws/install/interface_tutorial/share/ament_index/resource_index/package_run_dependencies/interface_tutorial
-- Up-to-date symlink: /home/vboxuser/Shared/ros2_ws/install/interface_tutorial/share/ament_index/resource_index/parent_prefix_path/interface_tutorial
-- Up-to-date symlink: /home/vboxuser/Shared/ros2_ws/install/interface_tutorial/share/interface_tutorial/environment/ament_prefix_path.sh
-- Up-to-date symlink: /home/vboxuser/Shared/ros2_ws/install/interface_tutorial/share/interface_tutorial/environment/ament_prefix_path.dsv
-- Up-to-date symlink: /home/vboxuser/Shared/ros2_ws/install/interface_tutorial/share/interface_tutorial/environment/path.sh
-- Up-to-date symlink: /home/vboxuser/Shared/ros2_ws/install/interface_tutorial/share/interface_tutorial/environment/path.dsv
-- Up-to-date symlink: /home/vboxuser/Shared/ros2_ws/install/interface_tutorial/share/interface_tutorial/local_setup.bash
-- Up-to-date symlink: /home/vboxuser/Shared/ros2_ws/install/interface_tutorial/share/interface_tutorial/local_setup.sh
-- Up-to-date symlink: /home/vboxuser/Shared/ros2_ws/install/interface_tutorial/share/interface_tutorial/local_setup.zsh
-- Up-to-date symlink: /home/vboxuser/Shared/ros2_ws/install/interface_tutorial/share/interface_tutorial/local_setup.dsv
-- Symlinking: /home/vboxuser/Shared/ros2_ws/install/interface_tutorial/share/interface_tutorial/package.dsv
-- Up-to-date symlink: /home/vboxuser/Shared/ros2_ws/install/interface_tutorial/share/ament_index/resource_index/packages/interface_tutorial
-- Up-to-date symlink: /home/vboxuser/Shared/ros2_ws/install/interface_tutorial/share/interface_tutorial/cmake/rosidl_cmake-extras.cmake
-- Up-to-date symlink: /home/vboxuser/Shared/ros2_ws/install/interface_tutorial/share/interface_tutorial/cmake/ament_cmake_export_include_directories-extras.cmake
-- Up-to-date symlink: /home/vboxuser/Shared/ros2_ws/install/interface_tutorial/share/interface_tutorial/cmake/ament_cmake_export_libraries-extras.cmake
-- Up-to-date symlink: /home/vboxuser/Shared/ros2_ws/install/interface_tutorial/share/interface_tutorial/cmake/ament_cmake_export_targets-extras.cmake
-- Up-to-date symlink: /home/vboxuser/Shared/ros2_ws/install/interface_tutorial/share/interface_tutorial/cmake/rosidl_cmake_export_typesupport_targets-extras.cmake
-- Up-to-date symlink: /home/vboxuser/Shared/ros2_ws/install/interface_tutorial/share/interface_tutorial/cmake/ament_cmake_export_dependencies-extras.cmake
-- Up-to-date symlink: /home/vboxuser/Shared/ros2_ws/install/interface_tutorial/share/interface_tutorial/cmake/rosidl_cmake_export_typesupport_libraries-extras.cmake
-- Up-to-date symlink: /home/vboxuser/Shared/ros2_ws/install/interface_tutorial/share/interface_tutorial/cmake/interface_tutorialConfig.cmake
-- Up-to-date symlink: /home/vboxuser/Shared/ros2_ws/install/interface_tutorial/share/interface_tutorial/cmake/interface_tutorialConfig-version.cmake
-- Up-to-date symlink: /home/vboxuser/Shared/ros2_ws/install/interface_tutorial/share/interface_tutorial/package.xml
-- Up-to-date: /home/vboxuser/Shared/ros2_ws/install/interface_tutorial/lib/libinterface_tutorial__rosidl_generator_c.so
-- Up-to-date: /home/vboxuser/Shared/ros2_ws/install/interface_tutorial/lib/libinterface_tutorial__rosidl_typesupport_fastrtps_c.so
-- Up-to-date: /home/vboxuser/Shared/ros2_ws/install/interface_tutorial/lib/libinterface_tutorial__rosidl_typesupport_introspection_c.so
-- Up-to-date: /home/vboxuser/Shared/ros2_ws/install/interface_tutorial/lib/libinterface_tutorial__rosidl_typesupport_c.so
-- Up-to-date: /home/vboxuser/Shared/ros2_ws/install/interface_tutorial/lib/libinterface_tutorial__rosidl_typesupport_fastrtps_cpp.so
-- Up-to-date: /home/vboxuser/Shared/ros2_ws/install/interface_tutorial/lib/libinterface_tutorial__rosidl_typesupport_introspection_cpp.so
-- Up-to-date: /home/vboxuser/Shared/ros2_ws/install/interface_tutorial/lib/libinterface_tutorial__rosidl_typesupport_cpp.so
Listing '/home/vboxuser/Shared/ros2_ws/install/interface_tutorial/local/lib/python3.10/dist-packages/interface_tutorial'...
Listing '/home/vboxuser/Shared/ros2_ws/install/interface_tutorial/local/lib/python3.10/dist-packages/interface_tutorial/msg'...
-- Up-to-date: /home/vboxuser/Shared/ros2_ws/install/interface_tutorial/lib/libinterface_tutorial__rosidl_generator_py.so
-- Up-to-date: /home/vboxuser/Shared/ros2_ws/install/interface_tutorial/share/interface_tutorial/cmake/export_interface_tutorial__rosidl_generator_cExport.cmake
-- Up-to-date: /home/vboxuser/Shared/ros2_ws/install/interface_tutorial/share/interface_tutorial/cmake/export_interface_tutorial__rosidl_generator_cExport-noconfig.cmake
-- Up-to-date: /home/vboxuser/Shared/ros2_ws/install/interface_tutorial/share/interface_tutorial/cmake/export_interface_tutorial__rosidl_typesupport_fastrtps_cExport.cmake
-- Up-to-date: /home/vboxuser/Shared/ros2_ws/install/interface_tutorial/share/interface_tutorial/cmake/export_interface_tutorial__rosidl_typesupport_fastrtps_cExport-noconfig.cmake
-- Up-to-date: /home/vboxuser/Shared/ros2_ws/install/interface_tutorial/share/interface_tutorial/cmake/interface_tutorial__rosidl_typesupport_introspection_cExport.cmake
-- Up-to-date: /home/vboxuser/Shared/ros2_ws/install/interface_tutorial/share/interface_tutorial/cmake/interface_tutorial__rosidl_typesupport_introspection_cExport-noconfig.cmake
-- Up-to-date: /home/vboxuser/Shared/ros2_ws/install/interface_tutorial/share/interface_tutorial/cmake/interface_tutorial__rosidl_typesupport_cExport.cmake
-- Up-to-date: /home/vboxuser/Shared/ros2_ws/install/interface_tutorial/share/interface_tutorial/cmake/interface_tutorial__rosidl_typesupport_cExport-noconfig.cmake
-- Up-to-date: /home/vboxuser/Shared/ros2_ws/install/interface_tutorial/share/interface_tutorial/cmake/export_interface_tutorial__rosidl_generator_cppExport.cmake
-- Up-to-date: /home/vboxuser/Shared/ros2_ws/install/interface_tutorial/share/interface_tutorial/cmake/export_interface_tutorial__rosidl_typesupport_fastrtps_cppExport.cmake
-- Up-to-date: /home/vboxuser/Shared/ros2_ws/install/interface_tutorial/share/interface_tutorial/cmake/export_interface_tutorial__rosidl_typesupport_fastrtps_cppExport-noconfig.cmake
-- Up-to-date: /home/vboxuser/Shared/ros2_ws/install/interface_tutorial/share/interface_tutorial/cmake/interface_tutorial__rosidl_typesupport_introspection_cppExport.cmake
-- Up-to-date: /home/vboxuser/Shared/ros2_ws/install/interface_tutorial/share/interface_tutorial/cmake/interface_tutorial__rosidl_typesupport_introspection_cppExport-noconfig.cmake
-- Up-to-date: /home/vboxuser/Shared/ros2_ws/install/interface_tutorial/share/interface_tutorial/cmake/interface_tutorial__rosidl_typesupport_cppExport.cmake
-- Up-to-date: /home/vboxuser/Shared/ros2_ws/install/interface_tutorial/share/interface_tutorial/cmake/interface_tutorial__rosidl_typesupport_cppExport-noconfig.cmake
-- Up-to-date: /home/vboxuser/Shared/ros2_ws/install/interface_tutorial/share/interface_tutorial/cmake/export_interface_tutorial__rosidl_generator_pyExport.cmake
-- Up-to-date: /home/vboxuser/Shared/ros2_ws/install/interface_tutorial/share/interface_tutorial/cmake/export_interface_tutorial__rosidl_generator_pyExport-noconfig.cmake
