[35m[1mConsolidate compiler generated dependencies of target ros_object_detection_msgs__rosidl_generator_c[0m
[  2%] Built target ros_object_detection_msgs__cpp
[ 12%] Built target ros_object_detection_msgs__rosidl_generator_c
[ 12%] Built target ament_cmake_python_symlink_ros_object_detection_msgs
[35m[1mConsolidate compiler generated dependencies of target ros_object_detection_msgs__rosidl_typesupport_cpp[0m
[35m[1mConsolidate compiler generated dependencies of target ros_object_detection_msgs__rosidl_typesupport_introspection_cpp[0m
[35m[1mConsolidate compiler generated dependencies of target ros_object_detection_msgs__rosidl_typesupport_fastrtps_cpp[0m
[ 23%] Built target ros_object_detection_msgs__rosidl_typesupport_cpp
[35m[1mConsolidate compiler generated dependencies of target ros_object_detection_msgs__rosidl_typesupport_fastrtps_c[0m
[ 33%] Built target ros_object_detection_msgs__rosidl_typesupport_introspection_cpp
[ 43%] Built target ros_object_detection_msgs__rosidl_typesupport_fastrtps_cpp
[35m[1mConsolidate compiler generated dependencies of target ros_object_detection_msgs__rosidl_typesupport_c[0m
[ 53%] Built target ros_object_detection_msgs__rosidl_typesupport_c
[ 64%] Built target ros_object_detection_msgs__rosidl_typesupport_fastrtps_c
[35m[1mConsolidate compiler generated dependencies of target ros_object_detection_msgs__rosidl_typesupport_introspection_c[0m
[ 74%] Built target ros_object_detection_msgs__rosidl_typesupport_introspection_c
[ 74%] Built target ros_object_detection_msgs
[ 76%] Built target ros_object_detection_msgs__py
[35m[1mConsolidate compiler generated dependencies of target ros_object_detection_msgs__rosidl_generator_py[0m
[ 84%] Built target ros_object_detection_msgs__rosidl_generator_py
[35m[1mConsolidate compiler generated dependencies of target ros_object_detection_msgs__rosidl_typesupport_c__pyext[0m
[35m[1mConsolidate compiler generated dependencies of target ros_object_detection_msgs__rosidl_typesupport_fastrtps_c__pyext[0m
[ 89%] Built target ros_object_detection_msgs__rosidl_typesupport_c__pyext
[ 94%] Built target ros_object_detection_msgs__rosidl_typesupport_fastrtps_c__pyext
[35m[1mConsolidate compiler generated dependencies of target ros_object_detection_msgs__rosidl_typesupport_introspection_c__pyext[0m
[100%] Built target ros_object_detection_msgs__rosidl_typesupport_introspection_c__pyext
running egg_info
writing ros_object_detection_msgs.egg-info/PKG-INFO
writing dependency_links to ros_object_detection_msgs.egg-info/dependency_links.txt
writing top-level names to ros_object_detection_msgs.egg-info/top_level.txt
reading manifest file 'ros_object_detection_msgs.egg-info/SOURCES.txt'
writing manifest file 'ros_object_detection_msgs.egg-info/SOURCES.txt'
[100%] Built target ament_cmake_python_build_ros_object_detection_msgs_egg
-- Install configuration: ""
-- Execute custom install script
-- Up-to-date symlink: /home/vboxuser/Shared/ros2_ws/install/ros_object_detection_msgs/share/ament_index/resource_index/rosidl_interfaces/ros_object_detection_msgs
-- Up-to-date symlink: /home/vboxuser/Shared/ros2_ws/install/ros_object_detection_msgs/include/ros_object_detection_msgs/ros_object_detection_msgs/msg/bounding_box.h
-- Up-to-date symlink: /home/vboxuser/Shared/ros2_ws/install/ros_object_detection_msgs/include/ros_object_detection_msgs/ros_object_detection_msgs/msg/bounding_boxes.h
-- Up-to-date symlink: /home/vboxuser/Shared/ros2_ws/install/ros_object_detection_msgs/include/ros_object_detection_msgs/ros_object_detection_msgs/msg/detail/bounding_box__functions.h
-- Up-to-date symlink: /home/vboxuser/Shared/ros2_ws/install/ros_object_detection_msgs/include/ros_object_detection_msgs/ros_object_detection_msgs/msg/detail/bounding_box__struct.h
-- Up-to-date symlink: /home/vboxuser/Shared/ros2_ws/install/ros_object_detection_msgs/include/ros_object_detection_msgs/ros_object_detection_msgs/msg/detail/bounding_box__type_support.h
-- Up-to-date symlink: /home/vboxuser/Shared/ros2_ws/install/ros_object_detection_msgs/include/ros_object_detection_msgs/ros_object_detection_msgs/msg/detail/bounding_boxes__functions.h
-- Up-to-date symlink: /home/vboxuser/Shared/ros2_ws/install/ros_object_detection_msgs/include/ros_object_detection_msgs/ros_object_detection_msgs/msg/detail/bounding_boxes__struct.h
-- Up-to-date symlink: /home/vboxuser/Shared/ros2_ws/install/ros_object_detection_msgs/include/ros_object_detection_msgs/ros_object_detection_msgs/msg/detail/bounding_boxes__type_support.h
-- Up-to-date symlink: /home/vboxuser/Shared/ros2_ws/install/ros_object_detection_msgs/include/ros_object_detection_msgs/ros_object_detection_msgs/msg/rosidl_generator_c__visibility_control.h
-- Up-to-date symlink: /home/vboxuser/Shared/ros2_ws/install/ros_object_detection_msgs/share/ros_object_detection_msgs/environment/library_path.sh
-- Up-to-date symlink: /home/vboxuser/Shared/ros2_ws/install/ros_object_detection_msgs/share/ros_object_detection_msgs/environment/library_path.dsv
-- Up-to-date symlink: /home/vboxuser/Shared/ros2_ws/install/ros_object_detection_msgs/include/ros_object_detection_msgs/ros_object_detection_msgs/msg/detail/bounding_box__rosidl_typesupport_fastrtps_c.h
-- Up-to-date symlink: /home/vboxuser/Shared/ros2_ws/install/ros_object_detection_msgs/include/ros_object_detection_msgs/ros_object_detection_msgs/msg/detail/bounding_boxes__rosidl_typesupport_fastrtps_c.h
-- Up-to-date symlink: /home/vboxuser/Shared/ros2_ws/install/ros_object_detection_msgs/include/ros_object_detection_msgs/ros_object_detection_msgs/msg/rosidl_typesupport_fastrtps_c__visibility_control.h
-- Up-to-date symlink: /home/vboxuser/Shared/ros2_ws/install/ros_object_detection_msgs/include/ros_object_detection_msgs/ros_object_detection_msgs/msg/detail/bounding_box__rosidl_typesupport_introspection_c.h
-- Up-to-date symlink: /home/vboxuser/Shared/ros2_ws/install/ros_object_detection_msgs/include/ros_object_detection_msgs/ros_object_detection_msgs/msg/detail/bounding_boxes__rosidl_typesupport_introspection_c.h
-- Up-to-date symlink: /home/vboxuser/Shared/ros2_ws/install/ros_object_detection_msgs/include/ros_object_detection_msgs/ros_object_detection_msgs/msg/rosidl_typesupport_introspection_c__visibility_control.h
-- Up-to-date symlink: /home/vboxuser/Shared/ros2_ws/install/ros_object_detection_msgs/include/ros_object_detection_msgs/ros_object_detection_msgs/msg/bounding_box.hpp
-- Up-to-date symlink: /home/vboxuser/Shared/ros2_ws/install/ros_object_detection_msgs/include/ros_object_detection_msgs/ros_object_detection_msgs/msg/bounding_boxes.hpp
-- Up-to-date symlink: /home/vboxuser/Shared/ros2_ws/install/ros_object_detection_msgs/include/ros_object_detection_msgs/ros_object_detection_msgs/msg/detail/bounding_box__builder.hpp
-- Up-to-date symlink: /home/vboxuser/Shared/ros2_ws/install/ros_object_detection_msgs/include/ros_object_detection_msgs/ros_object_detection_msgs/msg/detail/bounding_box__struct.hpp
-- Up-to-date symlink: /home/vboxuser/Shared/ros2_ws/install/ros_object_detection_msgs/include/ros_object_detection_msgs/ros_object_detection_msgs/msg/detail/bounding_box__traits.hpp
-- Up-to-date symlink: /home/vboxuser/Shared/ros2_ws/install/ros_object_detection_msgs/include/ros_object_detection_msgs/ros_object_detection_msgs/msg/detail/bounding_boxes__builder.hpp
-- Up-to-date symlink: /home/vboxuser/Shared/ros2_ws/install/ros_object_detection_msgs/include/ros_object_detection_msgs/ros_object_detection_msgs/msg/detail/bounding_boxes__struct.hpp
-- Up-to-date symlink: /home/vboxuser/Shared/ros2_ws/install/ros_object_detection_msgs/include/ros_object_detection_msgs/ros_object_detection_msgs/msg/detail/bounding_boxes__traits.hpp
-- Up-to-date symlink: /home/vboxuser/Shared/ros2_ws/install/ros_object_detection_msgs/include/ros_object_detection_msgs/ros_object_detection_msgs/msg/detail/bounding_box__rosidl_typesupport_fastrtps_cpp.hpp
-- Up-to-date symlink: /home/vboxuser/Shared/ros2_ws/install/ros_object_detection_msgs/include/ros_object_detection_msgs/ros_object_detection_msgs/msg/detail/bounding_boxes__rosidl_typesupport_fastrtps_cpp.hpp
-- Up-to-date symlink: /home/vboxuser/Shared/ros2_ws/install/ros_object_detection_msgs/include/ros_object_detection_msgs/ros_object_detection_msgs/msg/rosidl_typesupport_fastrtps_cpp__visibility_control.h
-- Up-to-date symlink: /home/vboxuser/Shared/ros2_ws/install/ros_object_detection_msgs/include/ros_object_detection_msgs/ros_object_detection_msgs/msg/detail/bounding_box__rosidl_typesupport_introspection_cpp.hpp
-- Up-to-date symlink: /home/vboxuser/Shared/ros2_ws/install/ros_object_detection_msgs/include/ros_object_detection_msgs/ros_object_detection_msgs/msg/detail/bounding_boxes__rosidl_typesupport_introspection_cpp.hpp
-- Up-to-date symlink: /home/vboxuser/Shared/ros2_ws/install/ros_object_detection_msgs/share/ros_object_detection_msgs/environment/pythonpath.sh
-- Up-to-date symlink: /home/vboxuser/Shared/ros2_ws/install/ros_object_detection_msgs/share/ros_object_detection_msgs/environment/pythonpath.dsv
-- Up-to-date symlink: /home/vboxuser/Shared/ros2_ws/install/ros_object_detection_msgs/local/lib/python3.10/dist-packages/ros_object_detection_msgs-0.0.0-py3.10.egg-info/PKG-INFO
-- Up-to-date symlink: /home/vboxuser/Shared/ros2_ws/install/ros_object_detection_msgs/local/lib/python3.10/dist-packages/ros_object_detection_msgs-0.0.0-py3.10.egg-info/SOURCES.txt
-- Up-to-date symlink: /home/vboxuser/Shared/ros2_ws/install/ros_object_detection_msgs/local/lib/python3.10/dist-packages/ros_object_detection_msgs-0.0.0-py3.10.egg-info/dependency_links.txt
-- Up-to-date symlink: /home/vboxuser/Shared/ros2_ws/install/ros_object_detection_msgs/local/lib/python3.10/dist-packages/ros_object_detection_msgs-0.0.0-py3.10.egg-info/top_level.txt
-- Up-to-date symlink: /home/vboxuser/Shared/ros2_ws/install/ros_object_detection_msgs/local/lib/python3.10/dist-packages/ros_object_detection_msgs/__init__.py
-- Up-to-date symlink: /home/vboxuser/Shared/ros2_ws/install/ros_object_detection_msgs/local/lib/python3.10/dist-packages/ros_object_detection_msgs/_ros_object_detection_msgs_s.ep.rosidl_typesupport_c.c
-- Up-to-date symlink: /home/vboxuser/Shared/ros2_ws/install/ros_object_detection_msgs/local/lib/python3.10/dist-packages/ros_object_detection_msgs/_ros_object_detection_msgs_s.ep.rosidl_typesupport_fastrtps_c.c
-- Up-to-date symlink: /home/vboxuser/Shared/ros2_ws/install/ros_object_detection_msgs/local/lib/python3.10/dist-packages/ros_object_detection_msgs/_ros_object_detection_msgs_s.ep.rosidl_typesupport_introspection_c.c
-- Up-to-date symlink: /home/vboxuser/Shared/ros2_ws/install/ros_object_detection_msgs/local/lib/python3.10/dist-packages/ros_object_detection_msgs/libros_object_detection_msgs__rosidl_generator_py.so
-- Up-to-date symlink: /home/vboxuser/Shared/ros2_ws/install/ros_object_detection_msgs/local/lib/python3.10/dist-packages/ros_object_detection_msgs/msg/__init__.py
-- Up-to-date symlink: /home/vboxuser/Shared/ros2_ws/install/ros_object_detection_msgs/local/lib/python3.10/dist-packages/ros_object_detection_msgs/msg/_bounding_box.py
-- Up-to-date symlink: /home/vboxuser/Shared/ros2_ws/install/ros_object_detection_msgs/local/lib/python3.10/dist-packages/ros_object_detection_msgs/msg/_bounding_box_s.c
-- Up-to-date symlink: /home/vboxuser/Shared/ros2_ws/install/ros_object_detection_msgs/local/lib/python3.10/dist-packages/ros_object_detection_msgs/msg/_bounding_boxes.py
-- Up-to-date symlink: /home/vboxuser/Shared/ros2_ws/install/ros_object_detection_msgs/local/lib/python3.10/dist-packages/ros_object_detection_msgs/msg/_bounding_boxes_s.c
-- Up-to-date symlink: /home/vboxuser/Shared/ros2_ws/install/ros_object_detection_msgs/local/lib/python3.10/dist-packages/ros_object_detection_msgs/ros_object_detection_msgs_s__rosidl_typesupport_c.cpython-310-x86_64-linux-gnu.so
-- Up-to-date symlink: /home/vboxuser/Shared/ros2_ws/install/ros_object_detection_msgs/local/lib/python3.10/dist-packages/ros_object_detection_msgs/ros_object_detection_msgs_s__rosidl_typesupport_fastrtps_c.cpython-310-x86_64-linux-gnu.so
-- Up-to-date symlink: /home/vboxuser/Shared/ros2_ws/install/ros_object_detection_msgs/local/lib/python3.10/dist-packages/ros_object_detection_msgs/ros_object_detection_msgs_s__rosidl_typesupport_introspection_c.cpython-310-x86_64-linux-gnu.so
-- Up-to-date symlink: /home/vboxuser/Shared/ros2_ws/install/ros_object_detection_msgs/local/lib/python3.10/dist-packages/ros_object_detection_msgs/ros_object_detection_msgs_s__rosidl_typesupport_fastrtps_c.cpython-310-x86_64-linux-gnu.so
-- Up-to-date symlink: /home/vboxuser/Shared/ros2_ws/install/ros_object_detection_msgs/local/lib/python3.10/dist-packages/ros_object_detection_msgs/ros_object_detection_msgs_s__rosidl_typesupport_introspection_c.cpython-310-x86_64-linux-gnu.so
-- Up-to-date symlink: /home/vboxuser/Shared/ros2_ws/install/ros_object_detection_msgs/local/lib/python3.10/dist-packages/ros_object_detection_msgs/ros_object_detection_msgs_s__rosidl_typesupport_c.cpython-310-x86_64-linux-gnu.so
-- Up-to-date symlink: /home/vboxuser/Shared/ros2_ws/install/ros_object_detection_msgs/share/ros_object_detection_msgs/msg/BoundingBox.idl
-- Up-to-date symlink: /home/vboxuser/Shared/ros2_ws/install/ros_object_detection_msgs/share/ros_object_detection_msgs/msg/BoundingBoxes.idl
-- Up-to-date symlink: /home/vboxuser/Shared/ros2_ws/install/ros_object_detection_msgs/share/ros_object_detection_msgs/msg/BoundingBox.msg
-- Up-to-date symlink: /home/vboxuser/Shared/ros2_ws/install/ros_object_detection_msgs/share/ros_object_detection_msgs/msg/BoundingBoxes.msg
-- Up-to-date symlink: /home/vboxuser/Shared/ros2_ws/install/ros_object_detection_msgs/share/ament_index/resource_index/package_run_dependencies/ros_object_detection_msgs
-- Up-to-date symlink: /home/vboxuser/Shared/ros2_ws/install/ros_object_detection_msgs/share/ament_index/resource_index/parent_prefix_path/ros_object_detection_msgs
-- Up-to-date symlink: /home/vboxuser/Shared/ros2_ws/install/ros_object_detection_msgs/share/ros_object_detection_msgs/environment/ament_prefix_path.sh
-- Up-to-date symlink: /home/vboxuser/Shared/ros2_ws/install/ros_object_detection_msgs/share/ros_object_detection_msgs/environment/ament_prefix_path.dsv
-- Up-to-date symlink: /home/vboxuser/Shared/ros2_ws/install/ros_object_detection_msgs/share/ros_object_detection_msgs/environment/path.sh
-- Up-to-date symlink: /home/vboxuser/Shared/ros2_ws/install/ros_object_detection_msgs/share/ros_object_detection_msgs/environment/path.dsv
-- Up-to-date symlink: /home/vboxuser/Shared/ros2_ws/install/ros_object_detection_msgs/share/ros_object_detection_msgs/local_setup.bash
-- Up-to-date symlink: /home/vboxuser/Shared/ros2_ws/install/ros_object_detection_msgs/share/ros_object_detection_msgs/local_setup.sh
-- Up-to-date symlink: /home/vboxuser/Shared/ros2_ws/install/ros_object_detection_msgs/share/ros_object_detection_msgs/local_setup.zsh
-- Up-to-date symlink: /home/vboxuser/Shared/ros2_ws/install/ros_object_detection_msgs/share/ros_object_detection_msgs/local_setup.dsv
-- Symlinking: /home/vboxuser/Shared/ros2_ws/install/ros_object_detection_msgs/share/ros_object_detection_msgs/package.dsv
-- Up-to-date symlink: /home/vboxuser/Shared/ros2_ws/install/ros_object_detection_msgs/share/ament_index/resource_index/packages/ros_object_detection_msgs
-- Up-to-date symlink: /home/vboxuser/Shared/ros2_ws/install/ros_object_detection_msgs/share/ros_object_detection_msgs/cmake/rosidl_cmake-extras.cmake
-- Up-to-date symlink: /home/vboxuser/Shared/ros2_ws/install/ros_object_detection_msgs/share/ros_object_detection_msgs/cmake/ament_cmake_export_include_directories-extras.cmake
-- Up-to-date symlink: /home/vboxuser/Shared/ros2_ws/install/ros_object_detection_msgs/share/ros_object_detection_msgs/cmake/ament_cmake_export_libraries-extras.cmake
-- Up-to-date symlink: /home/vboxuser/Shared/ros2_ws/install/ros_object_detection_msgs/share/ros_object_detection_msgs/cmake/ament_cmake_export_targets-extras.cmake
-- Up-to-date symlink: /home/vboxuser/Shared/ros2_ws/install/ros_object_detection_msgs/share/ros_object_detection_msgs/cmake/rosidl_cmake_export_typesupport_targets-extras.cmake
-- Up-to-date symlink: /home/vboxuser/Shared/ros2_ws/install/ros_object_detection_msgs/share/ros_object_detection_msgs/cmake/ament_cmake_export_dependencies-extras.cmake
-- Up-to-date symlink: /home/vboxuser/Shared/ros2_ws/install/ros_object_detection_msgs/share/ros_object_detection_msgs/cmake/rosidl_cmake_export_typesupport_libraries-extras.cmake
-- Up-to-date symlink: /home/vboxuser/Shared/ros2_ws/install/ros_object_detection_msgs/share/ros_object_detection_msgs/cmake/ros_object_detection_msgsConfig.cmake
-- Up-to-date symlink: /home/vboxuser/Shared/ros2_ws/install/ros_object_detection_msgs/share/ros_object_detection_msgs/cmake/ros_object_detection_msgsConfig-version.cmake
-- Up-to-date symlink: /home/vboxuser/Shared/ros2_ws/install/ros_object_detection_msgs/share/ros_object_detection_msgs/package.xml
-- Up-to-date: /home/vboxuser/Shared/ros2_ws/install/ros_object_detection_msgs/lib/libros_object_detection_msgs__rosidl_generator_c.so
-- Up-to-date: /home/vboxuser/Shared/ros2_ws/install/ros_object_detection_msgs/lib/libros_object_detection_msgs__rosidl_typesupport_fastrtps_c.so
-- Up-to-date: /home/vboxuser/Shared/ros2_ws/install/ros_object_detection_msgs/lib/libros_object_detection_msgs__rosidl_typesupport_introspection_c.so
-- Up-to-date: /home/vboxuser/Shared/ros2_ws/install/ros_object_detection_msgs/lib/libros_object_detection_msgs__rosidl_typesupport_c.so
-- Up-to-date: /home/vboxuser/Shared/ros2_ws/install/ros_object_detection_msgs/lib/libros_object_detection_msgs__rosidl_typesupport_fastrtps_cpp.so
-- Up-to-date: /home/vboxuser/Shared/ros2_ws/install/ros_object_detection_msgs/lib/libros_object_detection_msgs__rosidl_typesupport_introspection_cpp.so
-- Up-to-date: /home/vboxuser/Shared/ros2_ws/install/ros_object_detection_msgs/lib/libros_object_detection_msgs__rosidl_typesupport_cpp.so
Listing '/home/vboxuser/Shared/ros2_ws/install/ros_object_detection_msgs/local/lib/python3.10/dist-packages/ros_object_detection_msgs'...
Listing '/home/vboxuser/Shared/ros2_ws/install/ros_object_detection_msgs/local/lib/python3.10/dist-packages/ros_object_detection_msgs/msg'...
-- Up-to-date: /home/vboxuser/Shared/ros2_ws/install/ros_object_detection_msgs/lib/libros_object_detection_msgs__rosidl_generator_py.so
-- Up-to-date: /home/vboxuser/Shared/ros2_ws/install/ros_object_detection_msgs/share/ros_object_detection_msgs/cmake/export_ros_object_detection_msgs__rosidl_generator_cExport.cmake
-- Up-to-date: /home/vboxuser/Shared/ros2_ws/install/ros_object_detection_msgs/share/ros_object_detection_msgs/cmake/export_ros_object_detection_msgs__rosidl_generator_cExport-noconfig.cmake
-- Up-to-date: /home/vboxuser/Shared/ros2_ws/install/ros_object_detection_msgs/share/ros_object_detection_msgs/cmake/export_ros_object_detection_msgs__rosidl_typesupport_fastrtps_cExport.cmake
-- Up-to-date: /home/vboxuser/Shared/ros2_ws/install/ros_object_detection_msgs/share/ros_object_detection_msgs/cmake/export_ros_object_detection_msgs__rosidl_typesupport_fastrtps_cExport-noconfig.cmake
-- Up-to-date: /home/vboxuser/Shared/ros2_ws/install/ros_object_detection_msgs/share/ros_object_detection_msgs/cmake/ros_object_detection_msgs__rosidl_typesupport_introspection_cExport.cmake
-- Up-to-date: /home/vboxuser/Shared/ros2_ws/install/ros_object_detection_msgs/share/ros_object_detection_msgs/cmake/ros_object_detection_msgs__rosidl_typesupport_introspection_cExport-noconfig.cmake
-- Up-to-date: /home/vboxuser/Shared/ros2_ws/install/ros_object_detection_msgs/share/ros_object_detection_msgs/cmake/ros_object_detection_msgs__rosidl_typesupport_cExport.cmake
-- Up-to-date: /home/vboxuser/Shared/ros2_ws/install/ros_object_detection_msgs/share/ros_object_detection_msgs/cmake/ros_object_detection_msgs__rosidl_typesupport_cExport-noconfig.cmake
-- Up-to-date: /home/vboxuser/Shared/ros2_ws/install/ros_object_detection_msgs/share/ros_object_detection_msgs/cmake/export_ros_object_detection_msgs__rosidl_generator_cppExport.cmake
-- Up-to-date: /home/vboxuser/Shared/ros2_ws/install/ros_object_detection_msgs/share/ros_object_detection_msgs/cmake/export_ros_object_detection_msgs__rosidl_typesupport_fastrtps_cppExport.cmake
-- Up-to-date: /home/vboxuser/Shared/ros2_ws/install/ros_object_detection_msgs/share/ros_object_detection_msgs/cmake/export_ros_object_detection_msgs__rosidl_typesupport_fastrtps_cppExport-noconfig.cmake
-- Up-to-date: /home/vboxuser/Shared/ros2_ws/install/ros_object_detection_msgs/share/ros_object_detection_msgs/cmake/ros_object_detection_msgs__rosidl_typesupport_introspection_cppExport.cmake
-- Up-to-date: /home/vboxuser/Shared/ros2_ws/install/ros_object_detection_msgs/share/ros_object_detection_msgs/cmake/ros_object_detection_msgs__rosidl_typesupport_introspection_cppExport-noconfig.cmake
-- Up-to-date: /home/vboxuser/Shared/ros2_ws/install/ros_object_detection_msgs/share/ros_object_detection_msgs/cmake/ros_object_detection_msgs__rosidl_typesupport_cppExport.cmake
-- Up-to-date: /home/vboxuser/Shared/ros2_ws/install/ros_object_detection_msgs/share/ros_object_detection_msgs/cmake/ros_object_detection_msgs__rosidl_typesupport_cppExport-noconfig.cmake
-- Up-to-date: /home/vboxuser/Shared/ros2_ws/install/ros_object_detection_msgs/share/ros_object_detection_msgs/cmake/export_ros_object_detection_msgs__rosidl_generator_pyExport.cmake
-- Up-to-date: /home/vboxuser/Shared/ros2_ws/install/ros_object_detection_msgs/share/ros_object_detection_msgs/cmake/export_ros_object_detection_msgs__rosidl_generator_pyExport-noconfig.cmake
