[0.023s] Invoking command in '/home/vboxuser/Shared/ros2_ws/build/ros_object_detection_msgs': CMAKE_PREFIX_PATH=${CMAKE_PREFIX_PATH}:/home/vboxuser/Shared/ros2_ws/install/ros_object_detection:/opt/ros/humble /usr/bin/cmake --build /home/vboxuser/Shared/ros2_ws/build/ros_object_detection_msgs -- -j4 -l4
[0.498s] [35m[1mConsolidate compiler generated dependencies of target ros_object_detection_msgs__rosidl_generator_c[0m
[0.498s] [  2%] Built target ros_object_detection_msgs__cpp
[0.498s] [ 12%] Built target ros_object_detection_msgs__rosidl_generator_c
[0.498s] [ 12%] Built target ament_cmake_python_symlink_ros_object_detection_msgs
[0.498s] [35m[1mConsolidate compiler generated dependencies of target ros_object_detection_msgs__rosidl_typesupport_cpp[0m
[0.498s] [35m[1mConsolidate compiler generated dependencies of target ros_object_detection_msgs__rosidl_typesupport_introspection_cpp[0m
[0.498s] [35m[1mConsolidate compiler generated dependencies of target ros_object_detection_msgs__rosidl_typesupport_fastrtps_cpp[0m
[0.498s] [ 23%] Built target ros_object_detection_msgs__rosidl_typesupport_cpp
[0.498s] [35m[1mConsolidate compiler generated dependencies of target ros_object_detection_msgs__rosidl_typesupport_fastrtps_c[0m
[0.498s] [ 33%] Built target ros_object_detection_msgs__rosidl_typesupport_introspection_cpp
[0.498s] [ 43%] Built target ros_object_detection_msgs__rosidl_typesupport_fastrtps_cpp
[0.498s] [35m[1mConsolidate compiler generated dependencies of target ros_object_detection_msgs__rosidl_typesupport_c[0m
[0.498s] [ 53%] Built target ros_object_detection_msgs__rosidl_typesupport_c
[0.499s] [ 64%] Built target ros_object_detection_msgs__rosidl_typesupport_fastrtps_c
[0.499s] [35m[1mConsolidate compiler generated dependencies of target ros_object_detection_msgs__rosidl_typesupport_introspection_c[0m
[0.499s] [ 74%] Built target ros_object_detection_msgs__rosidl_typesupport_introspection_c
[0.499s] [ 74%] Built target ros_object_detection_msgs
[0.499s] [ 76%] Built target ros_object_detection_msgs__py
[0.499s] [35m[1mConsolidate compiler generated dependencies of target ros_object_detection_msgs__rosidl_generator_py[0m
[0.499s] [ 84%] Built target ros_object_detection_msgs__rosidl_generator_py
[0.499s] [35m[1mConsolidate compiler generated dependencies of target ros_object_detection_msgs__rosidl_typesupport_c__pyext[0m
[0.499s] [35m[1mConsolidate compiler generated dependencies of target ros_object_detection_msgs__rosidl_typesupport_fastrtps_c__pyext[0m
[0.499s] [ 89%] Built target ros_object_detection_msgs__rosidl_typesupport_c__pyext
[0.499s] [ 94%] Built target ros_object_detection_msgs__rosidl_typesupport_fastrtps_c__pyext
[0.499s] [35m[1mConsolidate compiler generated dependencies of target ros_object_detection_msgs__rosidl_typesupport_introspection_c__pyext[0m
[0.499s] [100%] Built target ros_object_detection_msgs__rosidl_typesupport_introspection_c__pyext
[0.549s] running egg_info
[0.551s] writing ros_object_detection_msgs.egg-info/PKG-INFO
[0.552s] writing dependency_links to ros_object_detection_msgs.egg-info/dependency_links.txt
[0.553s] writing top-level names to ros_object_detection_msgs.egg-info/top_level.txt
[0.557s] reading manifest file 'ros_object_detection_msgs.egg-info/SOURCES.txt'
[0.558s] writing manifest file 'ros_object_detection_msgs.egg-info/SOURCES.txt'
[0.607s] [100%] Built target ament_cmake_python_build_ros_object_detection_msgs_egg
[0.965s] Invoked command in '/home/vboxuser/Shared/ros2_ws/build/ros_object_detection_msgs' returned '0': CMAKE_PREFIX_PATH=${CMAKE_PREFIX_PATH}:/home/vboxuser/Shared/ros2_ws/install/ros_object_detection:/opt/ros/humble /usr/bin/cmake --build /home/vboxuser/Shared/ros2_ws/build/ros_object_detection_msgs -- -j4 -l4
[1.090s] Invoking command in '/home/vboxuser/Shared/ros2_ws/build/ros_object_detection_msgs': CMAKE_PREFIX_PATH=${CMAKE_PREFIX_PATH}:/home/vboxuser/Shared/ros2_ws/install/ros_object_detection:/opt/ros/humble /usr/bin/cmake --install /home/vboxuser/Shared/ros2_ws/build/ros_object_detection_msgs
[1.105s] -- Install configuration: ""
[1.106s] -- Execute custom install script
[1.106s] -- Up-to-date symlink: /home/vboxuser/Shared/ros2_ws/install/ros_object_detection_msgs/share/ament_index/resource_index/rosidl_interfaces/ros_object_detection_msgs
[1.106s] -- Up-to-date symlink: /home/vboxuser/Shared/ros2_ws/install/ros_object_detection_msgs/include/ros_object_detection_msgs/ros_object_detection_msgs/msg/bounding_box.h
[1.107s] -- Up-to-date symlink: /home/vboxuser/Shared/ros2_ws/install/ros_object_detection_msgs/include/ros_object_detection_msgs/ros_object_detection_msgs/msg/bounding_boxes.h
[1.107s] -- Up-to-date symlink: /home/vboxuser/Shared/ros2_ws/install/ros_object_detection_msgs/include/ros_object_detection_msgs/ros_object_detection_msgs/msg/detail/bounding_box__functions.h
[1.107s] -- Up-to-date symlink: /home/vboxuser/Shared/ros2_ws/install/ros_object_detection_msgs/include/ros_object_detection_msgs/ros_object_detection_msgs/msg/detail/bounding_box__struct.h
[1.107s] -- Up-to-date symlink: /home/vboxuser/Shared/ros2_ws/install/ros_object_detection_msgs/include/ros_object_detection_msgs/ros_object_detection_msgs/msg/detail/bounding_box__type_support.h
[1.107s] -- Up-to-date symlink: /home/vboxuser/Shared/ros2_ws/install/ros_object_detection_msgs/include/ros_object_detection_msgs/ros_object_detection_msgs/msg/detail/bounding_boxes__functions.h
[1.107s] -- Up-to-date symlink: /home/vboxuser/Shared/ros2_ws/install/ros_object_detection_msgs/include/ros_object_detection_msgs/ros_object_detection_msgs/msg/detail/bounding_boxes__struct.h
[1.107s] -- Up-to-date symlink: /home/vboxuser/Shared/ros2_ws/install/ros_object_detection_msgs/include/ros_object_detection_msgs/ros_object_detection_msgs/msg/detail/bounding_boxes__type_support.h
[1.107s] -- Up-to-date symlink: /home/vboxuser/Shared/ros2_ws/install/ros_object_detection_msgs/include/ros_object_detection_msgs/ros_object_detection_msgs/msg/rosidl_generator_c__visibility_control.h
[1.108s] -- Up-to-date symlink: /home/vboxuser/Shared/ros2_ws/install/ros_object_detection_msgs/share/ros_object_detection_msgs/environment/library_path.sh
[1.108s] -- Up-to-date symlink: /home/vboxuser/Shared/ros2_ws/install/ros_object_detection_msgs/share/ros_object_detection_msgs/environment/library_path.dsv
[1.109s] -- Up-to-date symlink: /home/vboxuser/Shared/ros2_ws/install/ros_object_detection_msgs/include/ros_object_detection_msgs/ros_object_detection_msgs/msg/detail/bounding_box__rosidl_typesupport_fastrtps_c.h
[1.110s] -- Up-to-date symlink: /home/vboxuser/Shared/ros2_ws/install/ros_object_detection_msgs/include/ros_object_detection_msgs/ros_object_detection_msgs/msg/detail/bounding_boxes__rosidl_typesupport_fastrtps_c.h
[1.110s] -- Up-to-date symlink: /home/vboxuser/Shared/ros2_ws/install/ros_object_detection_msgs/include/ros_object_detection_msgs/ros_object_detection_msgs/msg/rosidl_typesupport_fastrtps_c__visibility_control.h
[1.111s] -- Up-to-date symlink: /home/vboxuser/Shared/ros2_ws/install/ros_object_detection_msgs/include/ros_object_detection_msgs/ros_object_detection_msgs/msg/detail/bounding_box__rosidl_typesupport_introspection_c.h
[1.111s] -- Up-to-date symlink: /home/vboxuser/Shared/ros2_ws/install/ros_object_detection_msgs/include/ros_object_detection_msgs/ros_object_detection_msgs/msg/detail/bounding_boxes__rosidl_typesupport_introspection_c.h
[1.111s] -- Up-to-date symlink: /home/vboxuser/Shared/ros2_ws/install/ros_object_detection_msgs/include/ros_object_detection_msgs/ros_object_detection_msgs/msg/rosidl_typesupport_introspection_c__visibility_control.h
[1.111s] -- Up-to-date symlink: /home/vboxuser/Shared/ros2_ws/install/ros_object_detection_msgs/include/ros_object_detection_msgs/ros_object_detection_msgs/msg/bounding_box.hpp
[1.111s] -- Up-to-date symlink: /home/vboxuser/Shared/ros2_ws/install/ros_object_detection_msgs/include/ros_object_detection_msgs/ros_object_detection_msgs/msg/bounding_boxes.hpp
[1.111s] -- Up-to-date symlink: /home/vboxuser/Shared/ros2_ws/install/ros_object_detection_msgs/include/ros_object_detection_msgs/ros_object_detection_msgs/msg/detail/bounding_box__builder.hpp
[1.111s] -- Up-to-date symlink: /home/vboxuser/Shared/ros2_ws/install/ros_object_detection_msgs/include/ros_object_detection_msgs/ros_object_detection_msgs/msg/detail/bounding_box__struct.hpp
[1.111s] -- Up-to-date symlink: /home/vboxuser/Shared/ros2_ws/install/ros_object_detection_msgs/include/ros_object_detection_msgs/ros_object_detection_msgs/msg/detail/bounding_box__traits.hpp
[1.111s] -- Up-to-date symlink: /home/vboxuser/Shared/ros2_ws/install/ros_object_detection_msgs/include/ros_object_detection_msgs/ros_object_detection_msgs/msg/detail/bounding_boxes__builder.hpp
[1.111s] -- Up-to-date symlink: /home/vboxuser/Shared/ros2_ws/install/ros_object_detection_msgs/include/ros_object_detection_msgs/ros_object_detection_msgs/msg/detail/bounding_boxes__struct.hpp
[1.112s] -- Up-to-date symlink: /home/vboxuser/Shared/ros2_ws/install/ros_object_detection_msgs/include/ros_object_detection_msgs/ros_object_detection_msgs/msg/detail/bounding_boxes__traits.hpp
[1.112s] -- Up-to-date symlink: /home/vboxuser/Shared/ros2_ws/install/ros_object_detection_msgs/include/ros_object_detection_msgs/ros_object_detection_msgs/msg/detail/bounding_box__rosidl_typesupport_fastrtps_cpp.hpp
[1.112s] -- Up-to-date symlink: /home/vboxuser/Shared/ros2_ws/install/ros_object_detection_msgs/include/ros_object_detection_msgs/ros_object_detection_msgs/msg/detail/bounding_boxes__rosidl_typesupport_fastrtps_cpp.hpp
[1.112s] -- Up-to-date symlink: /home/vboxuser/Shared/ros2_ws/install/ros_object_detection_msgs/include/ros_object_detection_msgs/ros_object_detection_msgs/msg/rosidl_typesupport_fastrtps_cpp__visibility_control.h
[1.112s] -- Up-to-date symlink: /home/vboxuser/Shared/ros2_ws/install/ros_object_detection_msgs/include/ros_object_detection_msgs/ros_object_detection_msgs/msg/detail/bounding_box__rosidl_typesupport_introspection_cpp.hpp
[1.112s] -- Up-to-date symlink: /home/vboxuser/Shared/ros2_ws/install/ros_object_detection_msgs/include/ros_object_detection_msgs/ros_object_detection_msgs/msg/detail/bounding_boxes__rosidl_typesupport_introspection_cpp.hpp
[1.112s] -- Up-to-date symlink: /home/vboxuser/Shared/ros2_ws/install/ros_object_detection_msgs/share/ros_object_detection_msgs/environment/pythonpath.sh
[1.112s] -- Up-to-date symlink: /home/vboxuser/Shared/ros2_ws/install/ros_object_detection_msgs/share/ros_object_detection_msgs/environment/pythonpath.dsv
[1.113s] -- Up-to-date symlink: /home/vboxuser/Shared/ros2_ws/install/ros_object_detection_msgs/local/lib/python3.10/dist-packages/ros_object_detection_msgs-0.0.0-py3.10.egg-info/PKG-INFO
[1.113s] -- Up-to-date symlink: /home/vboxuser/Shared/ros2_ws/install/ros_object_detection_msgs/local/lib/python3.10/dist-packages/ros_object_detection_msgs-0.0.0-py3.10.egg-info/SOURCES.txt
[1.113s] -- Up-to-date symlink: /home/vboxuser/Shared/ros2_ws/install/ros_object_detection_msgs/local/lib/python3.10/dist-packages/ros_object_detection_msgs-0.0.0-py3.10.egg-info/dependency_links.txt
[1.113s] -- Up-to-date symlink: /home/vboxuser/Shared/ros2_ws/install/ros_object_detection_msgs/local/lib/python3.10/dist-packages/ros_object_detection_msgs-0.0.0-py3.10.egg-info/top_level.txt
[1.114s] -- Up-to-date symlink: /home/vboxuser/Shared/ros2_ws/install/ros_object_detection_msgs/local/lib/python3.10/dist-packages/ros_object_detection_msgs/__init__.py
[1.114s] -- Up-to-date symlink: /home/vboxuser/Shared/ros2_ws/install/ros_object_detection_msgs/local/lib/python3.10/dist-packages/ros_object_detection_msgs/_ros_object_detection_msgs_s.ep.rosidl_typesupport_c.c
[1.114s] -- Up-to-date symlink: /home/vboxuser/Shared/ros2_ws/install/ros_object_detection_msgs/local/lib/python3.10/dist-packages/ros_object_detection_msgs/_ros_object_detection_msgs_s.ep.rosidl_typesupport_fastrtps_c.c
[1.114s] -- Up-to-date symlink: /home/vboxuser/Shared/ros2_ws/install/ros_object_detection_msgs/local/lib/python3.10/dist-packages/ros_object_detection_msgs/_ros_object_detection_msgs_s.ep.rosidl_typesupport_introspection_c.c
[1.114s] -- Up-to-date symlink: /home/vboxuser/Shared/ros2_ws/install/ros_object_detection_msgs/local/lib/python3.10/dist-packages/ros_object_detection_msgs/libros_object_detection_msgs__rosidl_generator_py.so
[1.114s] -- Up-to-date symlink: /home/vboxuser/Shared/ros2_ws/install/ros_object_detection_msgs/local/lib/python3.10/dist-packages/ros_object_detection_msgs/msg/__init__.py
[1.115s] -- Up-to-date symlink: /home/vboxuser/Shared/ros2_ws/install/ros_object_detection_msgs/local/lib/python3.10/dist-packages/ros_object_detection_msgs/msg/_bounding_box.py
[1.115s] -- Up-to-date symlink: /home/vboxuser/Shared/ros2_ws/install/ros_object_detection_msgs/local/lib/python3.10/dist-packages/ros_object_detection_msgs/msg/_bounding_box_s.c
[1.115s] -- Up-to-date symlink: /home/vboxuser/Shared/ros2_ws/install/ros_object_detection_msgs/local/lib/python3.10/dist-packages/ros_object_detection_msgs/msg/_bounding_boxes.py
[1.115s] -- Up-to-date symlink: /home/vboxuser/Shared/ros2_ws/install/ros_object_detection_msgs/local/lib/python3.10/dist-packages/ros_object_detection_msgs/msg/_bounding_boxes_s.c
[1.115s] -- Up-to-date symlink: /home/vboxuser/Shared/ros2_ws/install/ros_object_detection_msgs/local/lib/python3.10/dist-packages/ros_object_detection_msgs/ros_object_detection_msgs_s__rosidl_typesupport_c.cpython-310-x86_64-linux-gnu.so
[1.115s] -- Up-to-date symlink: /home/vboxuser/Shared/ros2_ws/install/ros_object_detection_msgs/local/lib/python3.10/dist-packages/ros_object_detection_msgs/ros_object_detection_msgs_s__rosidl_typesupport_fastrtps_c.cpython-310-x86_64-linux-gnu.so
[1.115s] -- Up-to-date symlink: /home/vboxuser/Shared/ros2_ws/install/ros_object_detection_msgs/local/lib/python3.10/dist-packages/ros_object_detection_msgs/ros_object_detection_msgs_s__rosidl_typesupport_introspection_c.cpython-310-x86_64-linux-gnu.so
[1.116s] -- Up-to-date symlink: /home/vboxuser/Shared/ros2_ws/install/ros_object_detection_msgs/local/lib/python3.10/dist-packages/ros_object_detection_msgs/ros_object_detection_msgs_s__rosidl_typesupport_fastrtps_c.cpython-310-x86_64-linux-gnu.so
[1.116s] -- Up-to-date symlink: /home/vboxuser/Shared/ros2_ws/install/ros_object_detection_msgs/local/lib/python3.10/dist-packages/ros_object_detection_msgs/ros_object_detection_msgs_s__rosidl_typesupport_introspection_c.cpython-310-x86_64-linux-gnu.so
[1.116s] -- Up-to-date symlink: /home/vboxuser/Shared/ros2_ws/install/ros_object_detection_msgs/local/lib/python3.10/dist-packages/ros_object_detection_msgs/ros_object_detection_msgs_s__rosidl_typesupport_c.cpython-310-x86_64-linux-gnu.so
[1.116s] -- Up-to-date symlink: /home/vboxuser/Shared/ros2_ws/install/ros_object_detection_msgs/share/ros_object_detection_msgs/msg/BoundingBox.idl
[1.117s] -- Up-to-date symlink: /home/vboxuser/Shared/ros2_ws/install/ros_object_detection_msgs/share/ros_object_detection_msgs/msg/BoundingBoxes.idl
[1.117s] -- Up-to-date symlink: /home/vboxuser/Shared/ros2_ws/install/ros_object_detection_msgs/share/ros_object_detection_msgs/msg/BoundingBox.msg
[1.117s] -- Up-to-date symlink: /home/vboxuser/Shared/ros2_ws/install/ros_object_detection_msgs/share/ros_object_detection_msgs/msg/BoundingBoxes.msg
[1.117s] -- Up-to-date symlink: /home/vboxuser/Shared/ros2_ws/install/ros_object_detection_msgs/share/ament_index/resource_index/package_run_dependencies/ros_object_detection_msgs
[1.117s] -- Up-to-date symlink: /home/vboxuser/Shared/ros2_ws/install/ros_object_detection_msgs/share/ament_index/resource_index/parent_prefix_path/ros_object_detection_msgs
[1.118s] -- Up-to-date symlink: /home/vboxuser/Shared/ros2_ws/install/ros_object_detection_msgs/share/ros_object_detection_msgs/environment/ament_prefix_path.sh
[1.118s] -- Up-to-date symlink: /home/vboxuser/Shared/ros2_ws/install/ros_object_detection_msgs/share/ros_object_detection_msgs/environment/ament_prefix_path.dsv
[1.118s] -- Up-to-date symlink: /home/vboxuser/Shared/ros2_ws/install/ros_object_detection_msgs/share/ros_object_detection_msgs/environment/path.sh
[1.118s] -- Up-to-date symlink: /home/vboxuser/Shared/ros2_ws/install/ros_object_detection_msgs/share/ros_object_detection_msgs/environment/path.dsv
[1.118s] -- Up-to-date symlink: /home/vboxuser/Shared/ros2_ws/install/ros_object_detection_msgs/share/ros_object_detection_msgs/local_setup.bash
[1.118s] -- Up-to-date symlink: /home/vboxuser/Shared/ros2_ws/install/ros_object_detection_msgs/share/ros_object_detection_msgs/local_setup.sh
[1.119s] -- Up-to-date symlink: /home/vboxuser/Shared/ros2_ws/install/ros_object_detection_msgs/share/ros_object_detection_msgs/local_setup.zsh
[1.119s] -- Up-to-date symlink: /home/vboxuser/Shared/ros2_ws/install/ros_object_detection_msgs/share/ros_object_detection_msgs/local_setup.dsv
[1.119s] -- Symlinking: /home/vboxuser/Shared/ros2_ws/install/ros_object_detection_msgs/share/ros_object_detection_msgs/package.dsv
[1.129s] -- Up-to-date symlink: /home/vboxuser/Shared/ros2_ws/install/ros_object_detection_msgs/share/ament_index/resource_index/packages/ros_object_detection_msgs
[1.129s] -- Up-to-date symlink: /home/vboxuser/Shared/ros2_ws/install/ros_object_detection_msgs/share/ros_object_detection_msgs/cmake/rosidl_cmake-extras.cmake
[1.130s] -- Up-to-date symlink: /home/vboxuser/Shared/ros2_ws/install/ros_object_detection_msgs/share/ros_object_detection_msgs/cmake/ament_cmake_export_include_directories-extras.cmake
[1.130s] -- Up-to-date symlink: /home/vboxuser/Shared/ros2_ws/install/ros_object_detection_msgs/share/ros_object_detection_msgs/cmake/ament_cmake_export_libraries-extras.cmake
[1.130s] -- Up-to-date symlink: /home/vboxuser/Shared/ros2_ws/install/ros_object_detection_msgs/share/ros_object_detection_msgs/cmake/ament_cmake_export_targets-extras.cmake
[1.130s] -- Up-to-date symlink: /home/vboxuser/Shared/ros2_ws/install/ros_object_detection_msgs/share/ros_object_detection_msgs/cmake/rosidl_cmake_export_typesupport_targets-extras.cmake
[1.130s] -- Up-to-date symlink: /home/vboxuser/Shared/ros2_ws/install/ros_object_detection_msgs/share/ros_object_detection_msgs/cmake/ament_cmake_export_dependencies-extras.cmake
[1.130s] -- Up-to-date symlink: /home/vboxuser/Shared/ros2_ws/install/ros_object_detection_msgs/share/ros_object_detection_msgs/cmake/rosidl_cmake_export_typesupport_libraries-extras.cmake
[1.131s] -- Up-to-date symlink: /home/vboxuser/Shared/ros2_ws/install/ros_object_detection_msgs/share/ros_object_detection_msgs/cmake/ros_object_detection_msgsConfig.cmake
[1.131s] -- Up-to-date symlink: /home/vboxuser/Shared/ros2_ws/install/ros_object_detection_msgs/share/ros_object_detection_msgs/cmake/ros_object_detection_msgsConfig-version.cmake
[1.131s] -- Up-to-date symlink: /home/vboxuser/Shared/ros2_ws/install/ros_object_detection_msgs/share/ros_object_detection_msgs/package.xml
[1.131s] -- Up-to-date: /home/vboxuser/Shared/ros2_ws/install/ros_object_detection_msgs/lib/libros_object_detection_msgs__rosidl_generator_c.so
[1.132s] -- Up-to-date: /home/vboxuser/Shared/ros2_ws/install/ros_object_detection_msgs/lib/libros_object_detection_msgs__rosidl_typesupport_fastrtps_c.so
[1.132s] -- Up-to-date: /home/vboxuser/Shared/ros2_ws/install/ros_object_detection_msgs/lib/libros_object_detection_msgs__rosidl_typesupport_introspection_c.so
[1.132s] -- Up-to-date: /home/vboxuser/Shared/ros2_ws/install/ros_object_detection_msgs/lib/libros_object_detection_msgs__rosidl_typesupport_c.so
[1.132s] -- Up-to-date: /home/vboxuser/Shared/ros2_ws/install/ros_object_detection_msgs/lib/libros_object_detection_msgs__rosidl_typesupport_fastrtps_cpp.so
[1.133s] -- Up-to-date: /home/vboxuser/Shared/ros2_ws/install/ros_object_detection_msgs/lib/libros_object_detection_msgs__rosidl_typesupport_introspection_cpp.so
[1.133s] -- Up-to-date: /home/vboxuser/Shared/ros2_ws/install/ros_object_detection_msgs/lib/libros_object_detection_msgs__rosidl_typesupport_cpp.so
[1.178s] Listing '/home/vboxuser/Shared/ros2_ws/install/ros_object_detection_msgs/local/lib/python3.10/dist-packages/ros_object_detection_msgs'...
[1.178s] Listing '/home/vboxuser/Shared/ros2_ws/install/ros_object_detection_msgs/local/lib/python3.10/dist-packages/ros_object_detection_msgs/msg'...
[1.185s] -- Up-to-date: /home/vboxuser/Shared/ros2_ws/install/ros_object_detection_msgs/lib/libros_object_detection_msgs__rosidl_generator_py.so
[1.185s] -- Up-to-date: /home/vboxuser/Shared/ros2_ws/install/ros_object_detection_msgs/share/ros_object_detection_msgs/cmake/export_ros_object_detection_msgs__rosidl_generator_cExport.cmake
[1.186s] -- Up-to-date: /home/vboxuser/Shared/ros2_ws/install/ros_object_detection_msgs/share/ros_object_detection_msgs/cmake/export_ros_object_detection_msgs__rosidl_generator_cExport-noconfig.cmake
[1.186s] -- Up-to-date: /home/vboxuser/Shared/ros2_ws/install/ros_object_detection_msgs/share/ros_object_detection_msgs/cmake/export_ros_object_detection_msgs__rosidl_typesupport_fastrtps_cExport.cmake
[1.186s] -- Up-to-date: /home/vboxuser/Shared/ros2_ws/install/ros_object_detection_msgs/share/ros_object_detection_msgs/cmake/export_ros_object_detection_msgs__rosidl_typesupport_fastrtps_cExport-noconfig.cmake
[1.186s] -- Up-to-date: /home/vboxuser/Shared/ros2_ws/install/ros_object_detection_msgs/share/ros_object_detection_msgs/cmake/ros_object_detection_msgs__rosidl_typesupport_introspection_cExport.cmake
[1.187s] -- Up-to-date: /home/vboxuser/Shared/ros2_ws/install/ros_object_detection_msgs/share/ros_object_detection_msgs/cmake/ros_object_detection_msgs__rosidl_typesupport_introspection_cExport-noconfig.cmake
[1.187s] -- Up-to-date: /home/vboxuser/Shared/ros2_ws/install/ros_object_detection_msgs/share/ros_object_detection_msgs/cmake/ros_object_detection_msgs__rosidl_typesupport_cExport.cmake
[1.187s] -- Up-to-date: /home/vboxuser/Shared/ros2_ws/install/ros_object_detection_msgs/share/ros_object_detection_msgs/cmake/ros_object_detection_msgs__rosidl_typesupport_cExport-noconfig.cmake
[1.187s] -- Up-to-date: /home/vboxuser/Shared/ros2_ws/install/ros_object_detection_msgs/share/ros_object_detection_msgs/cmake/export_ros_object_detection_msgs__rosidl_generator_cppExport.cmake
[1.188s] -- Up-to-date: /home/vboxuser/Shared/ros2_ws/install/ros_object_detection_msgs/share/ros_object_detection_msgs/cmake/export_ros_object_detection_msgs__rosidl_typesupport_fastrtps_cppExport.cmake
[1.188s] -- Up-to-date: /home/vboxuser/Shared/ros2_ws/install/ros_object_detection_msgs/share/ros_object_detection_msgs/cmake/export_ros_object_detection_msgs__rosidl_typesupport_fastrtps_cppExport-noconfig.cmake
[1.188s] -- Up-to-date: /home/vboxuser/Shared/ros2_ws/install/ros_object_detection_msgs/share/ros_object_detection_msgs/cmake/ros_object_detection_msgs__rosidl_typesupport_introspection_cppExport.cmake
[1.191s] -- Up-to-date: /home/vboxuser/Shared/ros2_ws/install/ros_object_detection_msgs/share/ros_object_detection_msgs/cmake/ros_object_detection_msgs__rosidl_typesupport_introspection_cppExport-noconfig.cmake
[1.192s] -- Up-to-date: /home/vboxuser/Shared/ros2_ws/install/ros_object_detection_msgs/share/ros_object_detection_msgs/cmake/ros_object_detection_msgs__rosidl_typesupport_cppExport.cmake
[1.192s] -- Up-to-date: /home/vboxuser/Shared/ros2_ws/install/ros_object_detection_msgs/share/ros_object_detection_msgs/cmake/ros_object_detection_msgs__rosidl_typesupport_cppExport-noconfig.cmake
[1.192s] -- Up-to-date: /home/vboxuser/Shared/ros2_ws/install/ros_object_detection_msgs/share/ros_object_detection_msgs/cmake/export_ros_object_detection_msgs__rosidl_generator_pyExport.cmake
[1.193s] -- Up-to-date: /home/vboxuser/Shared/ros2_ws/install/ros_object_detection_msgs/share/ros_object_detection_msgs/cmake/export_ros_object_detection_msgs__rosidl_generator_pyExport-noconfig.cmake
[1.199s] Invoked command in '/home/vboxuser/Shared/ros2_ws/build/ros_object_detection_msgs' returned '0': CMAKE_PREFIX_PATH=${CMAKE_PREFIX_PATH}:/home/vboxuser/Shared/ros2_ws/install/ros_object_detection:/opt/ros/humble /usr/bin/cmake --install /home/vboxuser/Shared/ros2_ws/build/ros_object_detection_msgs
