[0.019s] Invoking command in '/home/vboxuser/Shared/ros2_ws/build/ros_object_detection_msgs': CMAKE_PREFIX_PATH=${CMAKE_PREFIX_PATH}:/home/vboxuser/Shared/ros2_ws/install/ros_object_detection:/opt/ros/humble /usr/bin/cmake /home/vboxuser/Shared/ros2_ws/src/ros_object_detection_msgs -DAMENT_CMAKE_SYMLINK_INSTALL=1 -DCMAKE_INSTALL_PREFIX=/home/vboxuser/Shared/ros2_ws/install/ros_object_detection_msgs
[0.393s] -- The C compiler identification is GNU 11.4.0
[0.393s] -- The CXX compiler identification is GNU 11.4.0
[0.393s] -- Detecting C compiler ABI info
[0.393s] -- Detecting C compiler ABI info - done
[0.393s] -- Check for working C compiler: /usr/bin/cc - skipped
[0.393s] -- Detecting C compile features
[0.393s] -- Detecting C compile features - done
[0.393s] -- Detecting CXX compiler ABI info
[0.393s] -- Detecting CXX compiler ABI info - done
[0.394s] -- Check for working CXX compiler: /usr/bin/c++ - skipped
[0.394s] -- Detecting CXX compile features
[0.394s] -- Detecting CXX compile features - done
[0.394s] -- Found ament_cmake: 1.3.8 (/opt/ros/humble/share/ament_cmake/cmake)
[0.563s] -- Found Python3: /usr/bin/python3 (found version "3.10.12") found components: Interpreter 
[0.640s] -- Override CMake install command with custom implementation using symlinks instead of copying resources
[0.664s] -- Found rosidl_default_generators: 1.2.0 (/opt/ros/humble/share/rosidl_default_generators/cmake)
[0.668s] -- Using all available rosidl_typesupport_c: rosidl_typesupport_fastrtps_c;rosidl_typesupport_introspection_c
[0.675s] -- Found rosidl_adapter: 3.1.5 (/opt/ros/humble/share/rosidl_adapter/cmake)
[0.717s] -- Using all available rosidl_typesupport_cpp: rosidl_typesupport_fastrtps_cpp;rosidl_typesupport_introspection_cpp
[1.124s] -- Found ament_cmake_ros: 0.10.0 (/opt/ros/humble/share/ament_cmake_ros/cmake)
[1.351s] -- Using all available rosidl_typesupport_c: rosidl_typesupport_fastrtps_c;rosidl_typesupport_introspection_c
[1.637s] -- Using all available rosidl_typesupport_cpp: rosidl_typesupport_fastrtps_cpp;rosidl_typesupport_introspection_cpp
[1.664s] -- Found PythonInterp: /usr/bin/python3 (found suitable version "3.10.12", minimum required is "3.6") 
[1.664s] -- Found python_cmake_module: 0.10.0 (/opt/ros/humble/share/python_cmake_module/cmake)
[1.697s] -- Found PythonLibs: /usr/lib/x86_64-linux-gnu/libpython3.10.so (found suitable version "3.10.12", minimum required is "3.5") 
[1.697s] -- Using PYTHON_EXECUTABLE: /usr/bin/python3
[1.697s] -- Using PYTHON_INCLUDE_DIRS: /usr/include/python3.10
[1.697s] -- Using PYTHON_LIBRARIES: /usr/lib/x86_64-linux-gnu/libpython3.10.so
[1.722s] -- Found PythonExtra: .so  
[1.762s] -- Found ament_lint_auto: 0.12.10 (/opt/ros/humble/share/ament_lint_auto/cmake)
[1.793s] -- Added test 'copyright' to check source files copyright and LICENSE
[1.796s] -- Added test 'lint_cmake' to check CMake code style
[1.798s] -- Added test 'xmllint' to check XML markup files
[1.807s] -- Configuring done
[1.856s] -- Generating done
[1.860s] -- Build files have been written to: /home/vboxuser/Shared/ros2_ws/build/ros_object_detection_msgs
[1.880s] Invoked command in '/home/vboxuser/Shared/ros2_ws/build/ros_object_detection_msgs' returned '0': CMAKE_PREFIX_PATH=${CMAKE_PREFIX_PATH}:/home/vboxuser/Shared/ros2_ws/install/ros_object_detection:/opt/ros/humble /usr/bin/cmake /home/vboxuser/Shared/ros2_ws/src/ros_object_detection_msgs -DAMENT_CMAKE_SYMLINK_INSTALL=1 -DCMAKE_INSTALL_PREFIX=/home/vboxuser/Shared/ros2_ws/install/ros_object_detection_msgs
[1.881s] Invoking command in '/home/vboxuser/Shared/ros2_ws/build/ros_object_detection_msgs': CMAKE_PREFIX_PATH=${CMAKE_PREFIX_PATH}:/home/vboxuser/Shared/ros2_ws/install/ros_object_detection:/opt/ros/humble /usr/bin/cmake --build /home/vboxuser/Shared/ros2_ws/build/ros_object_detection_msgs -- -j4 -l4
[2.046s] [  2%] [34m[1mGenerating C code for ROS interfaces[0m
[2.087s] [  5%] [34m[1mGenerating C++ code for ROS interfaces[0m
[2.137s] [  5%] Built target ament_cmake_python_symlink_ros_object_detection_msgs
[2.808s] running egg_info
[2.809s] creating ros_object_detection_msgs.egg-info
[2.810s] writing ros_object_detection_msgs.egg-info/PKG-INFO
[2.811s] writing dependency_links to ros_object_detection_msgs.egg-info/dependency_links.txt
[2.811s] writing top-level names to ros_object_detection_msgs.egg-info/top_level.txt
[2.811s] writing manifest file 'ros_object_detection_msgs.egg-info/SOURCES.txt'
[2.820s] reading manifest file 'ros_object_detection_msgs.egg-info/SOURCES.txt'
[2.822s] writing manifest file 'ros_object_detection_msgs.egg-info/SOURCES.txt'
[2.943s] [  5%] Built target ament_cmake_python_build_ros_object_detection_msgs_egg
[2.952s] [  7%] [32mBuilding C object CMakeFiles/ros_object_detection_msgs__rosidl_generator_c.dir/rosidl_generator_c/ros_object_detection_msgs/msg/detail/bounding_box__functions.c.o[0m
[2.953s] [  7%] Built target ros_object_detection_msgs__cpp
[2.962s] [ 10%] [32mBuilding C object CMakeFiles/ros_object_detection_msgs__rosidl_generator_c.dir/rosidl_generator_c/ros_object_detection_msgs/msg/detail/bounding_boxes__functions.c.o[0m
[2.980s] [ 12%] [34m[1mGenerating C++ type support dispatch for ROS interfaces[0m
[3.013s] [ 15%] [34m[1mGenerating C++ type support for eProsima Fast-RTPS[0m
[3.068s] [ 17%] [34m[1mGenerating C++ introspection for ROS interfaces[0m
[3.171s] [ 20%] [32m[1mLinking C shared library libros_object_detection_msgs__rosidl_generator_c.so[0m
[3.632s] [ 20%] Built target ros_object_detection_msgs__rosidl_generator_c
[3.699s] [ 23%] [34m[1mGenerating C type support for eProsima Fast-RTPS[0m
[3.872s] [ 25%] [32mBuilding CXX object CMakeFiles/ros_object_detection_msgs__rosidl_typesupport_cpp.dir/rosidl_typesupport_cpp/ros_object_detection_msgs/msg/bounding_box__type_support.cpp.o[0m
[4.296s] [ 28%] [32mBuilding CXX object CMakeFiles/ros_object_detection_msgs__rosidl_typesupport_introspection_cpp.dir/rosidl_typesupport_introspection_cpp/ros_object_detection_msgs/msg/detail/bounding_box__type_support.cpp.o[0m
[4.363s] [ 30%] [32mBuilding CXX object CMakeFiles/ros_object_detection_msgs__rosidl_typesupport_fastrtps_cpp.dir/rosidl_typesupport_fastrtps_cpp/ros_object_detection_msgs/msg/detail/dds_fastrtps/bounding_box__type_support.cpp.o[0m
[4.755s] [ 33%] [32mBuilding CXX object CMakeFiles/ros_object_detection_msgs__rosidl_typesupport_cpp.dir/rosidl_typesupport_cpp/ros_object_detection_msgs/msg/bounding_boxes__type_support.cpp.o[0m
[4.844s] [ 35%] [32mBuilding CXX object CMakeFiles/ros_object_detection_msgs__rosidl_typesupport_fastrtps_c.dir/rosidl_typesupport_fastrtps_c/ros_object_detection_msgs/msg/detail/bounding_box__type_support_c.cpp.o[0m
[5.275s] [ 38%] [32mBuilding CXX object CMakeFiles/ros_object_detection_msgs__rosidl_typesupport_introspection_cpp.dir/rosidl_typesupport_introspection_cpp/ros_object_detection_msgs/msg/detail/bounding_boxes__type_support.cpp.o[0m
[5.370s] [ 41%] [32m[1mLinking CXX shared library libros_object_detection_msgs__rosidl_typesupport_cpp.so[0m
[5.425s] [ 43%] [32mBuilding CXX object CMakeFiles/ros_object_detection_msgs__rosidl_typesupport_fastrtps_cpp.dir/rosidl_typesupport_fastrtps_cpp/ros_object_detection_msgs/msg/detail/dds_fastrtps/bounding_boxes__type_support.cpp.o[0m
[5.499s] [ 43%] Built target ros_object_detection_msgs__rosidl_typesupport_cpp
[5.561s] [ 46%] [34m[1mGenerating C introspection for ROS interfaces[0m
[5.812s] [ 48%] [32mBuilding CXX object CMakeFiles/ros_object_detection_msgs__rosidl_typesupport_fastrtps_c.dir/rosidl_typesupport_fastrtps_c/ros_object_detection_msgs/msg/detail/bounding_boxes__type_support_c.cpp.o[0m
[6.327s] [ 51%] [32m[1mLinking CXX shared library libros_object_detection_msgs__rosidl_typesupport_fastrtps_cpp.so[0m
[6.443s] [ 53%] [32mBuilding C object CMakeFiles/ros_object_detection_msgs__rosidl_typesupport_introspection_c.dir/rosidl_typesupport_introspection_c/ros_object_detection_msgs/msg/detail/bounding_box__type_support.c.o[0m
[6.552s] [ 56%] [32m[1mLinking CXX shared library libros_object_detection_msgs__rosidl_typesupport_fastrtps_c.so[0m
[6.576s] [ 58%] [32m[1mLinking CXX shared library libros_object_detection_msgs__rosidl_typesupport_introspection_cpp.so[0m
[6.587s] [ 61%] [32mBuilding C object CMakeFiles/ros_object_detection_msgs__rosidl_typesupport_introspection_c.dir/rosidl_typesupport_introspection_c/ros_object_detection_msgs/msg/detail/bounding_boxes__type_support.c.o[0m
[6.711s] [ 61%] Built target ros_object_detection_msgs__rosidl_typesupport_fastrtps_cpp
[6.739s] [ 64%] [32m[1mLinking C shared library libros_object_detection_msgs__rosidl_typesupport_introspection_c.so[0m
[6.774s] [ 66%] [34m[1mGenerating C type support dispatch for ROS interfaces[0m
[6.879s] [ 66%] Built target ros_object_detection_msgs__rosidl_typesupport_introspection_cpp
[6.915s] [ 66%] Built target ros_object_detection_msgs__rosidl_typesupport_fastrtps_c
[6.931s] [ 66%] Built target ros_object_detection_msgs__rosidl_typesupport_introspection_c
[7.259s] [ 69%] [32mBuilding CXX object CMakeFiles/ros_object_detection_msgs__rosidl_typesupport_c.dir/rosidl_typesupport_c/ros_object_detection_msgs/msg/bounding_box__type_support.cpp.o[0m
[7.307s] [ 71%] [32mBuilding CXX object CMakeFiles/ros_object_detection_msgs__rosidl_typesupport_c.dir/rosidl_typesupport_c/ros_object_detection_msgs/msg/bounding_boxes__type_support.cpp.o[0m
[7.501s] [ 74%] [32m[1mLinking CXX shared library libros_object_detection_msgs__rosidl_typesupport_c.so[0m
[7.633s] [ 74%] Built target ros_object_detection_msgs__rosidl_typesupport_c
[7.820s] [ 74%] Built target ros_object_detection_msgs
[8.079s] [ 76%] [34m[1mGenerating Python code for ROS interfaces[0m
[9.497s] [ 76%] Built target ros_object_detection_msgs__py
[9.710s] [ 82%] [32mBuilding C object CMakeFiles/ros_object_detection_msgs__rosidl_generator_py.dir/rosidl_generator_py/ros_object_detection_msgs/msg/_bounding_boxes_s.c.o[0m
[9.710s] [ 82%] [32mBuilding C object CMakeFiles/ros_object_detection_msgs__rosidl_generator_py.dir/rosidl_generator_py/ros_object_detection_msgs/msg/_bounding_box_s.c.o[0m
[9.996s] [ 84%] [32m[1mLinking C shared library rosidl_generator_py/ros_object_detection_msgs/libros_object_detection_msgs__rosidl_generator_py.so[0m
[10.214s] [ 84%] Built target ros_object_detection_msgs__rosidl_generator_py
[10.327s] [ 87%] [32mBuilding C object CMakeFiles/ros_object_detection_msgs__rosidl_typesupport_fastrtps_c__pyext.dir/rosidl_generator_py/ros_object_detection_msgs/_ros_object_detection_msgs_s.ep.rosidl_typesupport_fastrtps_c.c.o[0m
[10.379s] [ 92%] [32mBuilding C object CMakeFiles/ros_object_detection_msgs__rosidl_typesupport_c__pyext.dir/rosidl_generator_py/ros_object_detection_msgs/_ros_object_detection_msgs_s.ep.rosidl_typesupport_c.c.o[0m
[10.379s] [ 92%] [32mBuilding C object CMakeFiles/ros_object_detection_msgs__rosidl_typesupport_introspection_c__pyext.dir/rosidl_generator_py/ros_object_detection_msgs/_ros_object_detection_msgs_s.ep.rosidl_typesupport_introspection_c.c.o[0m
[10.588s] [ 94%] [32m[1mLinking C shared library rosidl_generator_py/ros_object_detection_msgs/ros_object_detection_msgs_s__rosidl_typesupport_fastrtps_c.cpython-310-x86_64-linux-gnu.so[0m
[10.625s] [ 97%] [32m[1mLinking C shared library rosidl_generator_py/ros_object_detection_msgs/ros_object_detection_msgs_s__rosidl_typesupport_introspection_c.cpython-310-x86_64-linux-gnu.so[0m
[10.635s] [100%] [32m[1mLinking C shared library rosidl_generator_py/ros_object_detection_msgs/ros_object_detection_msgs_s__rosidl_typesupport_c.cpython-310-x86_64-linux-gnu.so[0m
[10.750s] [100%] Built target ros_object_detection_msgs__rosidl_typesupport_fastrtps_c__pyext
[10.750s] [100%] Built target ros_object_detection_msgs__rosidl_typesupport_c__pyext
[10.757s] [100%] Built target ros_object_detection_msgs__rosidl_typesupport_introspection_c__pyext
[10.788s] Invoked command in '/home/vboxuser/Shared/ros2_ws/build/ros_object_detection_msgs' returned '0': CMAKE_PREFIX_PATH=${CMAKE_PREFIX_PATH}:/home/vboxuser/Shared/ros2_ws/install/ros_object_detection:/opt/ros/humble /usr/bin/cmake --build /home/vboxuser/Shared/ros2_ws/build/ros_object_detection_msgs -- -j4 -l4
[12.215s] Invoking command in '/home/vboxuser/Shared/ros2_ws/build/ros_object_detection_msgs': CMAKE_PREFIX_PATH=${CMAKE_PREFIX_PATH}:/home/vboxuser/Shared/ros2_ws/install/ros_object_detection:/opt/ros/humble /usr/bin/cmake --install /home/vboxuser/Shared/ros2_ws/build/ros_object_detection_msgs
[12.269s] -- Install configuration: ""
[12.269s] -- Execute custom install script
[12.269s] -- Symlinking: /home/vboxuser/Shared/ros2_ws/install/ros_object_detection_msgs/share/ament_index/resource_index/rosidl_interfaces/ros_object_detection_msgs
[12.278s] -- Symlinking: /home/vboxuser/Shared/ros2_ws/install/ros_object_detection_msgs/include/ros_object_detection_msgs/ros_object_detection_msgs/msg/bounding_box.h
[12.347s] -- Symlinking: /home/vboxuser/Shared/ros2_ws/install/ros_object_detection_msgs/include/ros_object_detection_msgs/ros_object_detection_msgs/msg/bounding_boxes.h
[12.359s] -- Symlinking: /home/vboxuser/Shared/ros2_ws/install/ros_object_detection_msgs/include/ros_object_detection_msgs/ros_object_detection_msgs/msg/detail/bounding_box__functions.h
[12.373s] -- Symlinking: /home/vboxuser/Shared/ros2_ws/install/ros_object_detection_msgs/include/ros_object_detection_msgs/ros_object_detection_msgs/msg/detail/bounding_box__struct.h
[12.405s] -- Symlinking: /home/vboxuser/Shared/ros2_ws/install/ros_object_detection_msgs/include/ros_object_detection_msgs/ros_object_detection_msgs/msg/detail/bounding_box__type_support.h
[12.417s] -- Symlinking: /home/vboxuser/Shared/ros2_ws/install/ros_object_detection_msgs/include/ros_object_detection_msgs/ros_object_detection_msgs/msg/detail/bounding_boxes__functions.h
[12.430s] -- Symlinking: /home/vboxuser/Shared/ros2_ws/install/ros_object_detection_msgs/include/ros_object_detection_msgs/ros_object_detection_msgs/msg/detail/bounding_boxes__struct.h
[12.446s] -- Symlinking: /home/vboxuser/Shared/ros2_ws/install/ros_object_detection_msgs/include/ros_object_detection_msgs/ros_object_detection_msgs/msg/detail/bounding_boxes__type_support.h
[12.460s] -- Symlinking: /home/vboxuser/Shared/ros2_ws/install/ros_object_detection_msgs/include/ros_object_detection_msgs/ros_object_detection_msgs/msg/rosidl_generator_c__visibility_control.h
[12.477s] -- Symlinking: /home/vboxuser/Shared/ros2_ws/install/ros_object_detection_msgs/share/ros_object_detection_msgs/environment/library_path.sh
[12.493s] -- Symlinking: /home/vboxuser/Shared/ros2_ws/install/ros_object_detection_msgs/share/ros_object_detection_msgs/environment/library_path.dsv
[12.506s] -- Symlinking: /home/vboxuser/Shared/ros2_ws/install/ros_object_detection_msgs/include/ros_object_detection_msgs/ros_object_detection_msgs/msg/detail/bounding_box__rosidl_typesupport_fastrtps_c.h
[12.518s] -- Symlinking: /home/vboxuser/Shared/ros2_ws/install/ros_object_detection_msgs/include/ros_object_detection_msgs/ros_object_detection_msgs/msg/detail/bounding_boxes__rosidl_typesupport_fastrtps_c.h
[12.528s] -- Symlinking: /home/vboxuser/Shared/ros2_ws/install/ros_object_detection_msgs/include/ros_object_detection_msgs/ros_object_detection_msgs/msg/rosidl_typesupport_fastrtps_c__visibility_control.h
[12.540s] -- Symlinking: /home/vboxuser/Shared/ros2_ws/install/ros_object_detection_msgs/include/ros_object_detection_msgs/ros_object_detection_msgs/msg/detail/bounding_box__rosidl_typesupport_introspection_c.h
[12.552s] -- Symlinking: /home/vboxuser/Shared/ros2_ws/install/ros_object_detection_msgs/include/ros_object_detection_msgs/ros_object_detection_msgs/msg/detail/bounding_boxes__rosidl_typesupport_introspection_c.h
[12.567s] -- Symlinking: /home/vboxuser/Shared/ros2_ws/install/ros_object_detection_msgs/include/ros_object_detection_msgs/ros_object_detection_msgs/msg/rosidl_typesupport_introspection_c__visibility_control.h
[12.580s] -- Symlinking: /home/vboxuser/Shared/ros2_ws/install/ros_object_detection_msgs/include/ros_object_detection_msgs/ros_object_detection_msgs/msg/bounding_box.hpp
[12.591s] -- Symlinking: /home/vboxuser/Shared/ros2_ws/install/ros_object_detection_msgs/include/ros_object_detection_msgs/ros_object_detection_msgs/msg/bounding_boxes.hpp
[12.602s] -- Symlinking: /home/vboxuser/Shared/ros2_ws/install/ros_object_detection_msgs/include/ros_object_detection_msgs/ros_object_detection_msgs/msg/detail/bounding_box__builder.hpp
[12.613s] -- Symlinking: /home/vboxuser/Shared/ros2_ws/install/ros_object_detection_msgs/include/ros_object_detection_msgs/ros_object_detection_msgs/msg/detail/bounding_box__struct.hpp
[12.623s] -- Symlinking: /home/vboxuser/Shared/ros2_ws/install/ros_object_detection_msgs/include/ros_object_detection_msgs/ros_object_detection_msgs/msg/detail/bounding_box__traits.hpp
[12.633s] -- Symlinking: /home/vboxuser/Shared/ros2_ws/install/ros_object_detection_msgs/include/ros_object_detection_msgs/ros_object_detection_msgs/msg/detail/bounding_boxes__builder.hpp
[12.644s] -- Symlinking: /home/vboxuser/Shared/ros2_ws/install/ros_object_detection_msgs/include/ros_object_detection_msgs/ros_object_detection_msgs/msg/detail/bounding_boxes__struct.hpp
[12.657s] -- Symlinking: /home/vboxuser/Shared/ros2_ws/install/ros_object_detection_msgs/include/ros_object_detection_msgs/ros_object_detection_msgs/msg/detail/bounding_boxes__traits.hpp
[12.671s] -- Symlinking: /home/vboxuser/Shared/ros2_ws/install/ros_object_detection_msgs/include/ros_object_detection_msgs/ros_object_detection_msgs/msg/detail/bounding_box__rosidl_typesupport_fastrtps_cpp.hpp
[12.683s] -- Symlinking: /home/vboxuser/Shared/ros2_ws/install/ros_object_detection_msgs/include/ros_object_detection_msgs/ros_object_detection_msgs/msg/detail/bounding_boxes__rosidl_typesupport_fastrtps_cpp.hpp
[12.697s] -- Symlinking: /home/vboxuser/Shared/ros2_ws/install/ros_object_detection_msgs/include/ros_object_detection_msgs/ros_object_detection_msgs/msg/rosidl_typesupport_fastrtps_cpp__visibility_control.h
[12.709s] -- Symlinking: /home/vboxuser/Shared/ros2_ws/install/ros_object_detection_msgs/include/ros_object_detection_msgs/ros_object_detection_msgs/msg/detail/bounding_box__rosidl_typesupport_introspection_cpp.hpp
[12.721s] -- Symlinking: /home/vboxuser/Shared/ros2_ws/install/ros_object_detection_msgs/include/ros_object_detection_msgs/ros_object_detection_msgs/msg/detail/bounding_boxes__rosidl_typesupport_introspection_cpp.hpp
[12.738s] -- Symlinking: /home/vboxuser/Shared/ros2_ws/install/ros_object_detection_msgs/share/ros_object_detection_msgs/environment/pythonpath.sh
[12.755s] -- Symlinking: /home/vboxuser/Shared/ros2_ws/install/ros_object_detection_msgs/share/ros_object_detection_msgs/environment/pythonpath.dsv
[12.770s] -- Symlinking: /home/vboxuser/Shared/ros2_ws/install/ros_object_detection_msgs/local/lib/python3.10/dist-packages/ros_object_detection_msgs-0.0.0-py3.10.egg-info/PKG-INFO
[12.781s] -- Symlinking: /home/vboxuser/Shared/ros2_ws/install/ros_object_detection_msgs/local/lib/python3.10/dist-packages/ros_object_detection_msgs-0.0.0-py3.10.egg-info/SOURCES.txt
[12.795s] -- Symlinking: /home/vboxuser/Shared/ros2_ws/install/ros_object_detection_msgs/local/lib/python3.10/dist-packages/ros_object_detection_msgs-0.0.0-py3.10.egg-info/dependency_links.txt
[12.807s] -- Symlinking: /home/vboxuser/Shared/ros2_ws/install/ros_object_detection_msgs/local/lib/python3.10/dist-packages/ros_object_detection_msgs-0.0.0-py3.10.egg-info/top_level.txt
[12.819s] -- Symlinking: /home/vboxuser/Shared/ros2_ws/install/ros_object_detection_msgs/local/lib/python3.10/dist-packages/ros_object_detection_msgs/__init__.py
[12.830s] -- Symlinking: /home/vboxuser/Shared/ros2_ws/install/ros_object_detection_msgs/local/lib/python3.10/dist-packages/ros_object_detection_msgs/_ros_object_detection_msgs_s.ep.rosidl_typesupport_c.c
[12.841s] -- Symlinking: /home/vboxuser/Shared/ros2_ws/install/ros_object_detection_msgs/local/lib/python3.10/dist-packages/ros_object_detection_msgs/_ros_object_detection_msgs_s.ep.rosidl_typesupport_fastrtps_c.c
[12.852s] -- Symlinking: /home/vboxuser/Shared/ros2_ws/install/ros_object_detection_msgs/local/lib/python3.10/dist-packages/ros_object_detection_msgs/_ros_object_detection_msgs_s.ep.rosidl_typesupport_introspection_c.c
[12.863s] -- Symlinking: /home/vboxuser/Shared/ros2_ws/install/ros_object_detection_msgs/local/lib/python3.10/dist-packages/ros_object_detection_msgs/libros_object_detection_msgs__rosidl_generator_py.so
[12.873s] -- Symlinking: /home/vboxuser/Shared/ros2_ws/install/ros_object_detection_msgs/local/lib/python3.10/dist-packages/ros_object_detection_msgs/msg/__init__.py
[12.886s] -- Symlinking: /home/vboxuser/Shared/ros2_ws/install/ros_object_detection_msgs/local/lib/python3.10/dist-packages/ros_object_detection_msgs/msg/_bounding_box.py
[12.898s] -- Symlinking: /home/vboxuser/Shared/ros2_ws/install/ros_object_detection_msgs/local/lib/python3.10/dist-packages/ros_object_detection_msgs/msg/_bounding_box_s.c
[12.910s] -- Symlinking: /home/vboxuser/Shared/ros2_ws/install/ros_object_detection_msgs/local/lib/python3.10/dist-packages/ros_object_detection_msgs/msg/_bounding_boxes.py
[12.922s] -- Symlinking: /home/vboxuser/Shared/ros2_ws/install/ros_object_detection_msgs/local/lib/python3.10/dist-packages/ros_object_detection_msgs/msg/_bounding_boxes_s.c
[12.932s] -- Symlinking: /home/vboxuser/Shared/ros2_ws/install/ros_object_detection_msgs/local/lib/python3.10/dist-packages/ros_object_detection_msgs/ros_object_detection_msgs_s__rosidl_typesupport_c.cpython-310-x86_64-linux-gnu.so
[12.942s] -- Symlinking: /home/vboxuser/Shared/ros2_ws/install/ros_object_detection_msgs/local/lib/python3.10/dist-packages/ros_object_detection_msgs/ros_object_detection_msgs_s__rosidl_typesupport_fastrtps_c.cpython-310-x86_64-linux-gnu.so
[12.953s] -- Symlinking: /home/vboxuser/Shared/ros2_ws/install/ros_object_detection_msgs/local/lib/python3.10/dist-packages/ros_object_detection_msgs/ros_object_detection_msgs_s__rosidl_typesupport_introspection_c.cpython-310-x86_64-linux-gnu.so
[12.964s] -- Up-to-date symlink: /home/vboxuser/Shared/ros2_ws/install/ros_object_detection_msgs/local/lib/python3.10/dist-packages/ros_object_detection_msgs/ros_object_detection_msgs_s__rosidl_typesupport_fastrtps_c.cpython-310-x86_64-linux-gnu.so
[12.965s] -- Up-to-date symlink: /home/vboxuser/Shared/ros2_ws/install/ros_object_detection_msgs/local/lib/python3.10/dist-packages/ros_object_detection_msgs/ros_object_detection_msgs_s__rosidl_typesupport_introspection_c.cpython-310-x86_64-linux-gnu.so
[12.966s] -- Up-to-date symlink: /home/vboxuser/Shared/ros2_ws/install/ros_object_detection_msgs/local/lib/python3.10/dist-packages/ros_object_detection_msgs/ros_object_detection_msgs_s__rosidl_typesupport_c.cpython-310-x86_64-linux-gnu.so
[12.966s] -- Symlinking: /home/vboxuser/Shared/ros2_ws/install/ros_object_detection_msgs/share/ros_object_detection_msgs/msg/BoundingBox.idl
[12.977s] -- Symlinking: /home/vboxuser/Shared/ros2_ws/install/ros_object_detection_msgs/share/ros_object_detection_msgs/msg/BoundingBoxes.idl
[12.989s] -- Symlinking: /home/vboxuser/Shared/ros2_ws/install/ros_object_detection_msgs/share/ros_object_detection_msgs/msg/BoundingBox.msg
[13.002s] -- Symlinking: /home/vboxuser/Shared/ros2_ws/install/ros_object_detection_msgs/share/ros_object_detection_msgs/msg/BoundingBoxes.msg
[13.014s] -- Symlinking: /home/vboxuser/Shared/ros2_ws/install/ros_object_detection_msgs/share/ament_index/resource_index/package_run_dependencies/ros_object_detection_msgs
[13.025s] -- Symlinking: /home/vboxuser/Shared/ros2_ws/install/ros_object_detection_msgs/share/ament_index/resource_index/parent_prefix_path/ros_object_detection_msgs
[13.035s] -- Symlinking: /home/vboxuser/Shared/ros2_ws/install/ros_object_detection_msgs/share/ros_object_detection_msgs/environment/ament_prefix_path.sh
[13.048s] -- Symlinking: /home/vboxuser/Shared/ros2_ws/install/ros_object_detection_msgs/share/ros_object_detection_msgs/environment/ament_prefix_path.dsv
[13.060s] -- Symlinking: /home/vboxuser/Shared/ros2_ws/install/ros_object_detection_msgs/share/ros_object_detection_msgs/environment/path.sh
[13.072s] -- Symlinking: /home/vboxuser/Shared/ros2_ws/install/ros_object_detection_msgs/share/ros_object_detection_msgs/environment/path.dsv
[13.085s] -- Symlinking: /home/vboxuser/Shared/ros2_ws/install/ros_object_detection_msgs/share/ros_object_detection_msgs/local_setup.bash
[13.097s] -- Symlinking: /home/vboxuser/Shared/ros2_ws/install/ros_object_detection_msgs/share/ros_object_detection_msgs/local_setup.sh
[13.108s] -- Symlinking: /home/vboxuser/Shared/ros2_ws/install/ros_object_detection_msgs/share/ros_object_detection_msgs/local_setup.zsh
[13.119s] -- Symlinking: /home/vboxuser/Shared/ros2_ws/install/ros_object_detection_msgs/share/ros_object_detection_msgs/local_setup.dsv
[13.130s] -- Symlinking: /home/vboxuser/Shared/ros2_ws/install/ros_object_detection_msgs/share/ros_object_detection_msgs/package.dsv
[13.140s] -- Symlinking: /home/vboxuser/Shared/ros2_ws/install/ros_object_detection_msgs/share/ament_index/resource_index/packages/ros_object_detection_msgs
[13.152s] -- Symlinking: /home/vboxuser/Shared/ros2_ws/install/ros_object_detection_msgs/share/ros_object_detection_msgs/cmake/rosidl_cmake-extras.cmake
[13.162s] -- Symlinking: /home/vboxuser/Shared/ros2_ws/install/ros_object_detection_msgs/share/ros_object_detection_msgs/cmake/ament_cmake_export_include_directories-extras.cmake
[13.174s] -- Symlinking: /home/vboxuser/Shared/ros2_ws/install/ros_object_detection_msgs/share/ros_object_detection_msgs/cmake/ament_cmake_export_libraries-extras.cmake
[13.185s] -- Symlinking: /home/vboxuser/Shared/ros2_ws/install/ros_object_detection_msgs/share/ros_object_detection_msgs/cmake/ament_cmake_export_targets-extras.cmake
[13.197s] -- Symlinking: /home/vboxuser/Shared/ros2_ws/install/ros_object_detection_msgs/share/ros_object_detection_msgs/cmake/rosidl_cmake_export_typesupport_targets-extras.cmake
[13.212s] -- Symlinking: /home/vboxuser/Shared/ros2_ws/install/ros_object_detection_msgs/share/ros_object_detection_msgs/cmake/ament_cmake_export_dependencies-extras.cmake
[13.223s] -- Symlinking: /home/vboxuser/Shared/ros2_ws/install/ros_object_detection_msgs/share/ros_object_detection_msgs/cmake/rosidl_cmake_export_typesupport_libraries-extras.cmake
[13.234s] -- Symlinking: /home/vboxuser/Shared/ros2_ws/install/ros_object_detection_msgs/share/ros_object_detection_msgs/cmake/ros_object_detection_msgsConfig.cmake
[13.245s] -- Symlinking: /home/vboxuser/Shared/ros2_ws/install/ros_object_detection_msgs/share/ros_object_detection_msgs/cmake/ros_object_detection_msgsConfig-version.cmake
[13.256s] -- Symlinking: /home/vboxuser/Shared/ros2_ws/install/ros_object_detection_msgs/share/ros_object_detection_msgs/package.xml
[13.266s] -- Installing: /home/vboxuser/Shared/ros2_ws/install/ros_object_detection_msgs/lib/libros_object_detection_msgs__rosidl_generator_c.so
[13.267s] -- Set runtime path of "/home/vboxuser/Shared/ros2_ws/install/ros_object_detection_msgs/lib/libros_object_detection_msgs__rosidl_generator_c.so" to ""
[13.267s] -- Installing: /home/vboxuser/Shared/ros2_ws/install/ros_object_detection_msgs/lib/libros_object_detection_msgs__rosidl_typesupport_fastrtps_c.so
[13.268s] -- Set runtime path of "/home/vboxuser/Shared/ros2_ws/install/ros_object_detection_msgs/lib/libros_object_detection_msgs__rosidl_typesupport_fastrtps_c.so" to ""
[13.268s] -- Installing: /home/vboxuser/Shared/ros2_ws/install/ros_object_detection_msgs/lib/libros_object_detection_msgs__rosidl_typesupport_introspection_c.so
[13.269s] -- Set runtime path of "/home/vboxuser/Shared/ros2_ws/install/ros_object_detection_msgs/lib/libros_object_detection_msgs__rosidl_typesupport_introspection_c.so" to ""
[13.269s] -- Installing: /home/vboxuser/Shared/ros2_ws/install/ros_object_detection_msgs/lib/libros_object_detection_msgs__rosidl_typesupport_c.so
[13.270s] -- Set runtime path of "/home/vboxuser/Shared/ros2_ws/install/ros_object_detection_msgs/lib/libros_object_detection_msgs__rosidl_typesupport_c.so" to ""
[13.270s] -- Installing: /home/vboxuser/Shared/ros2_ws/install/ros_object_detection_msgs/lib/libros_object_detection_msgs__rosidl_typesupport_fastrtps_cpp.so
[13.270s] -- Set runtime path of "/home/vboxuser/Shared/ros2_ws/install/ros_object_detection_msgs/lib/libros_object_detection_msgs__rosidl_typesupport_fastrtps_cpp.so" to ""
[13.271s] -- Installing: /home/vboxuser/Shared/ros2_ws/install/ros_object_detection_msgs/lib/libros_object_detection_msgs__rosidl_typesupport_introspection_cpp.so
[13.271s] -- Set runtime path of "/home/vboxuser/Shared/ros2_ws/install/ros_object_detection_msgs/lib/libros_object_detection_msgs__rosidl_typesupport_introspection_cpp.so" to ""
[13.272s] -- Installing: /home/vboxuser/Shared/ros2_ws/install/ros_object_detection_msgs/lib/libros_object_detection_msgs__rosidl_typesupport_cpp.so
[13.272s] -- Set runtime path of "/home/vboxuser/Shared/ros2_ws/install/ros_object_detection_msgs/lib/libros_object_detection_msgs__rosidl_typesupport_cpp.so" to ""
[13.317s] Listing '/home/vboxuser/Shared/ros2_ws/install/ros_object_detection_msgs/local/lib/python3.10/dist-packages/ros_object_detection_msgs'...
[13.317s] Compiling '/home/vboxuser/Shared/ros2_ws/install/ros_object_detection_msgs/local/lib/python3.10/dist-packages/ros_object_detection_msgs/__init__.py'...
[13.317s] Listing '/home/vboxuser/Shared/ros2_ws/install/ros_object_detection_msgs/local/lib/python3.10/dist-packages/ros_object_detection_msgs/msg'...
[13.318s] Compiling '/home/vboxuser/Shared/ros2_ws/install/ros_object_detection_msgs/local/lib/python3.10/dist-packages/ros_object_detection_msgs/msg/__init__.py'...
[13.318s] Compiling '/home/vboxuser/Shared/ros2_ws/install/ros_object_detection_msgs/local/lib/python3.10/dist-packages/ros_object_detection_msgs/msg/_bounding_box.py'...
[13.318s] Compiling '/home/vboxuser/Shared/ros2_ws/install/ros_object_detection_msgs/local/lib/python3.10/dist-packages/ros_object_detection_msgs/msg/_bounding_boxes.py'...
[13.326s] -- Installing: /home/vboxuser/Shared/ros2_ws/install/ros_object_detection_msgs/lib/libros_object_detection_msgs__rosidl_generator_py.so
[13.327s] -- Set runtime path of "/home/vboxuser/Shared/ros2_ws/install/ros_object_detection_msgs/lib/libros_object_detection_msgs__rosidl_generator_py.so" to ""
[13.327s] -- Installing: /home/vboxuser/Shared/ros2_ws/install/ros_object_detection_msgs/share/ros_object_detection_msgs/cmake/export_ros_object_detection_msgs__rosidl_generator_cExport.cmake
[13.327s] -- Installing: /home/vboxuser/Shared/ros2_ws/install/ros_object_detection_msgs/share/ros_object_detection_msgs/cmake/export_ros_object_detection_msgs__rosidl_generator_cExport-noconfig.cmake
[13.328s] -- Installing: /home/vboxuser/Shared/ros2_ws/install/ros_object_detection_msgs/share/ros_object_detection_msgs/cmake/export_ros_object_detection_msgs__rosidl_typesupport_fastrtps_cExport.cmake
[13.328s] -- Installing: /home/vboxuser/Shared/ros2_ws/install/ros_object_detection_msgs/share/ros_object_detection_msgs/cmake/export_ros_object_detection_msgs__rosidl_typesupport_fastrtps_cExport-noconfig.cmake
[13.328s] -- Installing: /home/vboxuser/Shared/ros2_ws/install/ros_object_detection_msgs/share/ros_object_detection_msgs/cmake/ros_object_detection_msgs__rosidl_typesupport_introspection_cExport.cmake
[13.329s] -- Installing: /home/vboxuser/Shared/ros2_ws/install/ros_object_detection_msgs/share/ros_object_detection_msgs/cmake/ros_object_detection_msgs__rosidl_typesupport_introspection_cExport-noconfig.cmake
[13.329s] -- Installing: /home/vboxuser/Shared/ros2_ws/install/ros_object_detection_msgs/share/ros_object_detection_msgs/cmake/ros_object_detection_msgs__rosidl_typesupport_cExport.cmake
[13.329s] -- Installing: /home/vboxuser/Shared/ros2_ws/install/ros_object_detection_msgs/share/ros_object_detection_msgs/cmake/ros_object_detection_msgs__rosidl_typesupport_cExport-noconfig.cmake
[13.330s] -- Installing: /home/vboxuser/Shared/ros2_ws/install/ros_object_detection_msgs/share/ros_object_detection_msgs/cmake/export_ros_object_detection_msgs__rosidl_generator_cppExport.cmake
[13.330s] -- Installing: /home/vboxuser/Shared/ros2_ws/install/ros_object_detection_msgs/share/ros_object_detection_msgs/cmake/export_ros_object_detection_msgs__rosidl_typesupport_fastrtps_cppExport.cmake
[13.330s] -- Installing: /home/vboxuser/Shared/ros2_ws/install/ros_object_detection_msgs/share/ros_object_detection_msgs/cmake/export_ros_object_detection_msgs__rosidl_typesupport_fastrtps_cppExport-noconfig.cmake
[13.331s] -- Installing: /home/vboxuser/Shared/ros2_ws/install/ros_object_detection_msgs/share/ros_object_detection_msgs/cmake/ros_object_detection_msgs__rosidl_typesupport_introspection_cppExport.cmake
[13.331s] -- Installing: /home/vboxuser/Shared/ros2_ws/install/ros_object_detection_msgs/share/ros_object_detection_msgs/cmake/ros_object_detection_msgs__rosidl_typesupport_introspection_cppExport-noconfig.cmake
[13.331s] -- Installing: /home/vboxuser/Shared/ros2_ws/install/ros_object_detection_msgs/share/ros_object_detection_msgs/cmake/ros_object_detection_msgs__rosidl_typesupport_cppExport.cmake
[13.332s] -- Installing: /home/vboxuser/Shared/ros2_ws/install/ros_object_detection_msgs/share/ros_object_detection_msgs/cmake/ros_object_detection_msgs__rosidl_typesupport_cppExport-noconfig.cmake
[13.332s] -- Installing: /home/vboxuser/Shared/ros2_ws/install/ros_object_detection_msgs/share/ros_object_detection_msgs/cmake/export_ros_object_detection_msgs__rosidl_generator_pyExport.cmake
[13.332s] -- Installing: /home/vboxuser/Shared/ros2_ws/install/ros_object_detection_msgs/share/ros_object_detection_msgs/cmake/export_ros_object_detection_msgs__rosidl_generator_pyExport-noconfig.cmake
[13.336s] Invoked command in '/home/vboxuser/Shared/ros2_ws/build/ros_object_detection_msgs' returned '0': CMAKE_PREFIX_PATH=${CMAKE_PREFIX_PATH}:/home/vboxuser/Shared/ros2_ws/install/ros_object_detection:/opt/ros/humble /usr/bin/cmake --install /home/vboxuser/Shared/ros2_ws/build/ros_object_detection_msgs
